

Microchip MPLAB XC8 Assembler V2.31 build 20201012212115 
                                                                                               Fri Feb 19 10:40:40 2021

Microchip MPLAB XC8 C Compiler v2.31 (Free license) build 20201012212115 Og1 
     1                           	processor	18F27Q43
     2                           	fnconf	rparam,??,?,0
     3                           	pagewidth 120
     4                           	opt	flic
     5                           	psect	cinit,global,reloc=2,class=CODE,delta=1
     6                           	psect	bssCOMRAM,global,class=COMRAM,space=1,delta=1,lowdata,noexec
     7                           	psect	cstackCOMRAM,global,class=COMRAM,space=1,delta=1,lowdata,noexec
     8                           	psect	text0,global,reloc=2,class=CODE,delta=1
     9                           	psect	text1,global,reloc=2,class=CODE,delta=1
    10                           	psect	text2,global,reloc=2,class=CODE,delta=1
    11                           	psect	text3,global,reloc=2,class=CODE,delta=1
    12                           	psect	text4,global,reloc=2,class=CODE,delta=1
    13                           	psect	text5,global,reloc=2,class=CODE,delta=1
    14                           	psect	text6,global,reloc=2,class=CODE,delta=1
    15                           	psect	intsave_regs,global,class=BIGRAM,space=1,delta=1,noexec
    16                           	psect	rparam,global,class=COMRAM,space=1,delta=1,noexec
    17                           	psect	idloc,global,abs,ovrld,class=IDLOC,space=5,delta=1,noexec
    18                           	psect	config,global,abs,ovrld,class=CONFIG,space=4,delta=1,noexec
    19  0000                     
    20                           ; Version 2.30
    21                           ; Generated 20/08/2020 GMT
    22                           ; 
    23                           ; Copyright © 2020, Microchip Technology Inc. and its subsidiaries ("Microchip")
    24                           ; All rights reserved.
    25                           ; 
    26                           ; This software is developed by Microchip Technology Inc. and its subsidiaries ("Microch
      +                          ip").
    27                           ; 
    28                           ; Redistribution and use in source and binary forms, with or without modification, are
    29                           ; permitted provided that the following conditions are met:
    30                           ; 
    31                           ;     1. Redistributions of source code must retain the above copyright notice, this lis
      +                          t of
    32                           ;        conditions and the following disclaimer.
    33                           ; 
    34                           ;     2. Redistributions in binary form must reproduce the above copyright notice, this 
      +                          list
    35                           ;        of conditions and the following disclaimer in the documentation and/or other
    36                           ;        materials provided with the distribution. Publication is not required when
    37                           ;        this file is used in an embedded application.
    38                           ; 
    39                           ;     3. Microchip's name may not be used to endorse or promote products derived from th
      +                          is
    40                           ;        software without specific prior written permission.
    41                           ; 
    42                           ; THIS SOFTWARE IS PROVIDED BY MICROCHIP "AS IS" AND ANY EXPRESS OR IMPLIED WARRANTIES,
    43                           ; INCLUDING, BUT NOT LIMITED TO, THE IMPLIED WARRANTIES OF MERCHANTABILITY AND FITNESS F
      +                          OR
    44                           ; PURPOSE ARE DISCLAIMED.  IN NO EVENT SHALL MICROCHIP BE LIABLE FOR ANY DIRECT, INDIREC
      +                          T,
    45                           ; INCIDENTAL, SPECIAL, EXEMPLARY, OR CONSEQUENTIAL DAMAGES (INCLUDING BUT NOT LIMITED TO
    46                           ; PROCUREMENT OF SUBSTITUTE GOODS OR SERVICES; LOSS OF USE, DATA OR PROFITS; OR BUSINESS
    47                           ; INTERRUPTION) HOWSOEVER CAUSED AND ON ANY THEORY OF LIABILITY, WHETHER IN CONTRACT, ST
      +                          RICT
    48                           ; LIABILITY, OR TORT (INCLUDING NEGLIGENCE OR OTHERWISE) ARISING IN ANY WAY OUT OF THE U
      +                          SE OF
    49                           ; THIS SOFTWARE, EVEN IF ADVISED OF THE POSSIBILITY OF SUCH DAMAGE.
    50                           ; 
    51                           ; 
    52                           ; Code-generator required, PIC18F27Q43 Definitions
    53                           ; 
    54                           ; SFR Addresses
    55  0000                     _ANSELB	set	1032
    56  0000                     _ANSELA	set	1024
    57  0000                     _TRISB	set	1223
    58  0000                     _TRISA	set	1222
    59  0000                     _PORTA	set	1230
    60  0000                     _LATA	set	1214
    61  0000                     _PORTB	set	1231
    62                           
    63                           ; #config settings
    64                           
    65                           	psect	cinit
    66  01FE74                     __pcinit:
    67                           	callstack 0
    68  01FE74                     start_initialization:
    69                           	callstack 0
    70  01FE74                     __initialization:
    71                           	callstack 0
    72                           
    73                           ; Clear objects allocated to COMRAM (13 bytes)
    74  01FE74  EE01  F10F         	lfsr	0,__pbssCOMRAM
    75  01FE78  0E0D               	movlw	13
    76  01FE7A                     clear_0:
    77  01FE7A  6AEE               	clrf	postinc0,c
    78  01FE7C  06E8               	decf	wreg,f,c
    79  01FE7E  E1FD               	bnz	clear_0
    80  01FE80                     end_of_initialization:
    81                           	callstack 0
    82  01FE80                     __end_of__initialization:
    83                           	callstack 0
    84  01FE80  0100               	movlb	0
    85  01FE82  EF64  F0FF         	goto	_main	;jump to C main() function
    86                           
    87                           	psect	bssCOMRAM
    88  00050F                     __pbssCOMRAM:
    89                           	callstack 0
    90  00050F                     _G_u32SystemFlags:
    91                           	callstack 0
    92  00050F                     	ds	4
    93  000513                     _G_u32SystemTime1s:
    94                           	callstack 0
    95  000513                     	ds	4
    96  000517                     _G_u32SystemTime1ms:
    97                           	callstack 0
    98  000517                     	ds	4
    99  00051B                     _G_u8UserAppFlags:
   100                           	callstack 0
   101  00051B                     	ds	1
   102                           
   103                           	psect	cstackCOMRAM
   104  000501                     __pcstackCOMRAM:
   105                           	callstack 0
   106  000501                     ??_UserAppRun:
   107  000501                     
   108                           ; 1 bytes @ 0x0
   109  000501                     	ds	4
   110  000505                     UserAppRun@i:
   111                           	callstack 0
   112                           
   113                           ; 2 bytes @ 0x4
   114  000505                     	ds	2
   115  000507                     UserAppRun@i_31:
   116                           	callstack 0
   117                           
   118                           ; 2 bytes @ 0x6
   119  000507                     	ds	2
   120  000509                     UserAppRun@i_32:
   121                           	callstack 0
   122                           
   123                           ; 2 bytes @ 0x8
   124  000509                     	ds	2
   125  00050B                     UserAppRun@u32Counter:
   126                           	callstack 0
   127                           
   128                           ; 4 bytes @ 0xA
   129  00050B                     	ds	4
   130  00050F                     
   131                           ; 1 bytes @ 0xE
   132 ;;
   133 ;;Main: autosize = 0, tempsize = 0, incstack = 0, save=0
   134 ;;
   135 ;; *************** function _main *****************
   136 ;; Defined at:
   137 ;;		line 35 in file "main.c"
   138 ;; Parameters:    Size  Location     Type
   139 ;;		None
   140 ;; Auto vars:     Size  Location     Type
   141 ;;		None
   142 ;; Return value:  Size  Location     Type
   143 ;;                  1    wreg      void 
   144 ;; Registers used:
   145 ;;		wreg, status,2, status,0, cstack
   146 ;; Tracked objects:
   147 ;;		On entry : 0/0
   148 ;;		On exit  : 0/0
   149 ;;		Unchanged: 0/0
   150 ;; Data sizes:     COMRAM   BANK5   BANK6   BANK7   BANK8   BANK9  BANK10  BANK11  BANK12  BANK13  BANK14  BANK15  BANK1
      +6  BANK17  BANK18  BANK19  BANK20  BANK21  BANK22  BANK23  BANK24  BANK25  BANK26  BANK27  BANK28  BANK29  BANK30  BANK3
      +1  BANK32  BANK33  BANK34  BANK35  BANK36  BANK37
   151 ;;      Params:         0       0       0       0       0       0       0       0       0       0       0       0       
      +0       0       0       0       0       0       0       0       0       0       0       0       0       0       0       
      +0       0       0       0       0       0       0
   152 ;;      Locals:         0       0       0       0       0       0       0       0       0       0       0       0       
      +0       0       0       0       0       0       0       0       0       0       0       0       0       0       0       
      +0       0       0       0       0       0       0
   153 ;;      Temps:          0       0       0       0       0       0       0       0       0       0       0       0       
      +0       0       0       0       0       0       0       0       0       0       0       0       0       0       0       
      +0       0       0       0       0       0       0
   154 ;;      Totals:         0       0       0       0       0       0       0       0       0       0       0       0       
      +0       0       0       0       0       0       0       0       0       0       0       0       0       0       0       
      +0       0       0       0       0       0       0
   155 ;;Total ram usage:        0 bytes
   156 ;; Hardware stack levels required when called:    1
   157 ;; This function calls:
   158 ;;		_ClockSetup
   159 ;;		_GpioSetup
   160 ;;		_SysTickSetup
   161 ;;		_SystemSleep
   162 ;;		_UserAppInitialize
   163 ;;		_UserAppRun
   164 ;; This function is called by:
   165 ;;		Startup code after reset
   166 ;; This function uses a non-reentrant model
   167 ;;
   168                           
   169                           	psect	text0
   170  01FEC8                     __ptext0:
   171                           	callstack 0
   172  01FEC8                     _main:
   173                           	callstack 127
   174  01FEC8                     
   175                           ;main.c: 37:   G_u32SystemFlags |= (u32)0x80000000;
   176  01FEC8  8E12               	bsf	(_G_u32SystemFlags+3)^(0+1280),7,c	;volatile
   177  01FECA                     
   178                           ;main.c: 40:   ClockSetup();
   179  01FECA  EC37  F0FF         	call	_ClockSetup	;wreg free
   180  01FECE                     
   181                           ;main.c: 41:   SysTickSetup();
   182  01FECE  EC53  F0FF         	call	_SysTickSetup	;wreg free
   183  01FED2                     
   184                           ;main.c: 42:   GpioSetup();
   185  01FED2  EC43  F0FF         	call	_GpioSetup	;wreg free
   186  01FED6                     
   187                           ;main.c: 47:   UserAppInitialize();
   188  01FED6  EC39  F0FF         	call	_UserAppInitialize	;wreg free
   189  01FEDA                     l800:
   190                           
   191                           ;main.c: 53:   {;main.c: 57:     UserAppRun();
   192  01FEDA  EC75  F0FF         	call	_UserAppRun	;wreg free
   193  01FEDE                     
   194                           ;main.c: 62:     SystemSleep();
   195  01FEDE  EC38  F0FF         	call	_SystemSleep	;wreg free
   196  01FEE2  EF6D  F0FF         	goto	l800
   197  01FEE6  EFFE  F0FF         	goto	start
   198  01FEEA                     __end_of_main:
   199                           	callstack 0
   200                           
   201 ;; *************** function _UserAppRun *****************
   202 ;; Defined at:
   203 ;;		line 95 in file "user_app.c"
   204 ;; Parameters:    Size  Location     Type
   205 ;;		None
   206 ;; Auto vars:     Size  Location     Type
   207 ;;  i               2    8[COMRAM] int 
   208 ;;  i               2    6[COMRAM] int 
   209 ;;  i               2    4[COMRAM] int 
   210 ;;  u32Counter      4   10[COMRAM] unsigned long 
   211 ;; Return value:  Size  Location     Type
   212 ;;                  1    wreg      void 
   213 ;; Registers used:
   214 ;;		wreg, status,2, status,0
   215 ;; Tracked objects:
   216 ;;		On entry : 0/0
   217 ;;		On exit  : 0/0
   218 ;;		Unchanged: 0/0
   219 ;; Data sizes:     COMRAM   BANK5   BANK6   BANK7   BANK8   BANK9  BANK10  BANK11  BANK12  BANK13  BANK14  BANK15  BANK1
      +6  BANK17  BANK18  BANK19  BANK20  BANK21  BANK22  BANK23  BANK24  BANK25  BANK26  BANK27  BANK28  BANK29  BANK30  BANK3
      +1  BANK32  BANK33  BANK34  BANK35  BANK36  BANK37
   220 ;;      Params:         0       0       0       0       0       0       0       0       0       0       0       0       
      +0       0       0       0       0       0       0       0       0       0       0       0       0       0       0       
      +0       0       0       0       0       0       0
   221 ;;      Locals:        10       0       0       0       0       0       0       0       0       0       0       0       
      +0       0       0       0       0       0       0       0       0       0       0       0       0       0       0       
      +0       0       0       0       0       0       0
   222 ;;      Temps:          4       0       0       0       0       0       0       0       0       0       0       0       
      +0       0       0       0       0       0       0       0       0       0       0       0       0       0       0       
      +0       0       0       0       0       0       0
   223 ;;      Totals:        14       0       0       0       0       0       0       0       0       0       0       0       
      +0       0       0       0       0       0       0       0       0       0       0       0       0       0       0       
      +0       0       0       0       0       0       0
   224 ;;Total ram usage:       14 bytes
   225 ;; Hardware stack levels used:    1
   226 ;; This function calls:
   227 ;;		Nothing
   228 ;; This function is called by:
   229 ;;		_main
   230 ;; This function uses a non-reentrant model
   231 ;;
   232                           
   233                           	psect	text1
   234  01FEEA                     __ptext1:
   235                           	callstack 0
   236  01FEEA                     _UserAppRun:
   237                           	callstack 127
   238  01FEEA                     
   239                           ;user_app.c: 97:         u32 u32Counter = 3000000000000000;
   240  01FEEA  0E00               	movlw	0
   241  01FEEC  6E0B               	movwf	UserAppRun@u32Counter^(0+1280),c
   242  01FEEE  0E80               	movlw	128
   243  01FEF0  6E0C               	movwf	(UserAppRun@u32Counter+1)^(0+1280),c
   244  01FEF2  0E53               	movlw	83
   245  01FEF4  6E0D               	movwf	(UserAppRun@u32Counter+2)^(0+1280),c
   246  01FEF6  0EEE               	movlw	238
   247  01FEF8  6E0E               	movwf	(UserAppRun@u32Counter+3)^(0+1280),c
   248  01FEFA                     
   249                           ;user_app.c: 99:         if(0x30 == (PORTB & 0x30)&& LATA<0xC0)
   250  01FEFA  50CF               	movf	207,w,c	;volatile
   251  01FEFC  0B30               	andlw	48
   252  01FEFE  0A30               	xorlw	48
   253  01FF00  A4D8               	btfss	status,2,c
   254  01FF02  EF85  F0FF         	goto	u11
   255  01FF06  EF87  F0FF         	goto	u10
   256  01FF0A                     u11:
   257  01FF0A  EFF2  F0FF         	goto	l782
   258  01FF0E                     u10:
   259  01FF0E  0EC0               	movlw	192
   260  01FF10  60BE               	cpfslt	190,c	;volatile
   261  01FF12  EF8D  F0FF         	goto	u21
   262  01FF16  EF8F  F0FF         	goto	u20
   263  01FF1A                     u21:
   264  01FF1A  EFF2  F0FF         	goto	l782
   265  01FF1E                     u20:
   266  01FF1E                     
   267                           ;user_app.c: 100:         {;user_app.c: 101:             for(int i=0; i<u32Counter;i++) 
      +                          {}
   268  01FF1E  0E00               	movlw	0
   269  01FF20  6E06               	movwf	(UserAppRun@i+1)^(0+1280),c
   270  01FF22  0E00               	movlw	0
   271  01FF24  6E05               	movwf	UserAppRun@i^(0+1280),c
   272  01FF26  EF97  F0FF         	goto	l766
   273  01FF2A                     l764:
   274  01FF2A  4A05               	infsnz	UserAppRun@i^(0+1280),f,c
   275  01FF2C  2A06               	incf	(UserAppRun@i+1)^(0+1280),f,c
   276  01FF2E                     l766:
   277  01FF2E  C505  F501         	movff	UserAppRun@i,??_UserAppRun
   278  01FF32  C506  F502         	movff	UserAppRun@i+1,??_UserAppRun+1
   279  01FF36  0E00               	movlw	0
   280  01FF38  BE02               	btfsc	(??_UserAppRun+1)^(0+1280),7,c
   281  01FF3A  0EFF               	movlw	255
   282  01FF3C  6E03               	movwf	(??_UserAppRun+2)^(0+1280),c
   283  01FF3E  6E04               	movwf	(??_UserAppRun+3)^(0+1280),c
   284  01FF40  500B               	movf	UserAppRun@u32Counter^(0+1280),w,c
   285  01FF42  5C01               	subwf	??_UserAppRun^(0+1280),w,c
   286  01FF44  500C               	movf	(UserAppRun@u32Counter+1)^(0+1280),w,c
   287  01FF46  5802               	subwfb	(??_UserAppRun+1)^(0+1280),w,c
   288  01FF48  500D               	movf	(UserAppRun@u32Counter+2)^(0+1280),w,c
   289  01FF4A  5803               	subwfb	(??_UserAppRun+2)^(0+1280),w,c
   290  01FF4C  500E               	movf	(UserAppRun@u32Counter+3)^(0+1280),w,c
   291  01FF4E  5804               	subwfb	(??_UserAppRun+3)^(0+1280),w,c
   292  01FF50  A0D8               	btfss	status,0,c
   293  01FF52  EFAD  F0FF         	goto	u31
   294  01FF56  EFAF  F0FF         	goto	u30
   295  01FF5A                     u31:
   296  01FF5A  EF95  F0FF         	goto	l764
   297  01FF5E                     u30:
   298  01FF5E                     
   299                           ;user_app.c: 102:             for(int i=0; i<u32Counter;i++) {}
   300  01FF5E  0E00               	movlw	0
   301  01FF60  6E08               	movwf	(UserAppRun@i_31+1)^(0+1280),c
   302  01FF62  0E00               	movlw	0
   303  01FF64  6E07               	movwf	UserAppRun@i_31^(0+1280),c
   304  01FF66  EFB7  F0FF         	goto	l772
   305  01FF6A                     l770:
   306  01FF6A  4A07               	infsnz	UserAppRun@i_31^(0+1280),f,c
   307  01FF6C  2A08               	incf	(UserAppRun@i_31+1)^(0+1280),f,c
   308  01FF6E                     l772:
   309  01FF6E  C507  F501         	movff	UserAppRun@i_31,??_UserAppRun
   310  01FF72  C508  F502         	movff	UserAppRun@i_31+1,??_UserAppRun+1
   311  01FF76  0E00               	movlw	0
   312  01FF78  BE02               	btfsc	(??_UserAppRun+1)^(0+1280),7,c
   313  01FF7A  0EFF               	movlw	255
   314  01FF7C  6E03               	movwf	(??_UserAppRun+2)^(0+1280),c
   315  01FF7E  6E04               	movwf	(??_UserAppRun+3)^(0+1280),c
   316  01FF80  500B               	movf	UserAppRun@u32Counter^(0+1280),w,c
   317  01FF82  5C01               	subwf	??_UserAppRun^(0+1280),w,c
   318  01FF84  500C               	movf	(UserAppRun@u32Counter+1)^(0+1280),w,c
   319  01FF86  5802               	subwfb	(??_UserAppRun+1)^(0+1280),w,c
   320  01FF88  500D               	movf	(UserAppRun@u32Counter+2)^(0+1280),w,c
   321  01FF8A  5803               	subwfb	(??_UserAppRun+2)^(0+1280),w,c
   322  01FF8C  500E               	movf	(UserAppRun@u32Counter+3)^(0+1280),w,c
   323  01FF8E  5804               	subwfb	(??_UserAppRun+3)^(0+1280),w,c
   324  01FF90  A0D8               	btfss	status,0,c
   325  01FF92  EFCD  F0FF         	goto	u41
   326  01FF96  EFCF  F0FF         	goto	u40
   327  01FF9A                     u41:
   328  01FF9A  EFB5  F0FF         	goto	l770
   329  01FF9E                     u40:
   330  01FF9E                     
   331                           ;user_app.c: 103:             for(int i=0; i<u32Counter;i++) {}
   332  01FF9E  0E00               	movlw	0
   333  01FFA0  6E0A               	movwf	(UserAppRun@i_32+1)^(0+1280),c
   334  01FFA2  0E00               	movlw	0
   335  01FFA4  6E09               	movwf	UserAppRun@i_32^(0+1280),c
   336  01FFA6  EFD7  F0FF         	goto	l778
   337  01FFAA                     l776:
   338  01FFAA  4A09               	infsnz	UserAppRun@i_32^(0+1280),f,c
   339  01FFAC  2A0A               	incf	(UserAppRun@i_32+1)^(0+1280),f,c
   340  01FFAE                     l778:
   341  01FFAE  C509  F501         	movff	UserAppRun@i_32,??_UserAppRun
   342  01FFB2  C50A  F502         	movff	UserAppRun@i_32+1,??_UserAppRun+1
   343  01FFB6  0E00               	movlw	0
   344  01FFB8  BE02               	btfsc	(??_UserAppRun+1)^(0+1280),7,c
   345  01FFBA  0EFF               	movlw	255
   346  01FFBC  6E03               	movwf	(??_UserAppRun+2)^(0+1280),c
   347  01FFBE  6E04               	movwf	(??_UserAppRun+3)^(0+1280),c
   348  01FFC0  500B               	movf	UserAppRun@u32Counter^(0+1280),w,c
   349  01FFC2  5C01               	subwf	??_UserAppRun^(0+1280),w,c
   350  01FFC4  500C               	movf	(UserAppRun@u32Counter+1)^(0+1280),w,c
   351  01FFC6  5802               	subwfb	(??_UserAppRun+1)^(0+1280),w,c
   352  01FFC8  500D               	movf	(UserAppRun@u32Counter+2)^(0+1280),w,c
   353  01FFCA  5803               	subwfb	(??_UserAppRun+2)^(0+1280),w,c
   354  01FFCC  500E               	movf	(UserAppRun@u32Counter+3)^(0+1280),w,c
   355  01FFCE  5804               	subwfb	(??_UserAppRun+3)^(0+1280),w,c
   356  01FFD0  A0D8               	btfss	status,0,c
   357  01FFD2  EFED  F0FF         	goto	u51
   358  01FFD6  EFEF  F0FF         	goto	u50
   359  01FFDA                     u51:
   360  01FFDA  EFD5  F0FF         	goto	l776
   361  01FFDE                     u50:
   362  01FFDE                     
   363                           ;user_app.c: 104:             LATA ++;
   364  01FFDE  2ABE               	incf	190,f,c	;volatile
   365                           
   366                           ;user_app.c: 105:         }
   367  01FFE0  EFFD  F0FF         	goto	l24
   368  01FFE4                     l782:
   369  01FFE4  0EC0               	movlw	192
   370  01FFE6  18BE               	xorwf	190,w,c	;volatile
   371  01FFE8  A4D8               	btfss	status,2,c
   372  01FFEA  EFF9  F0FF         	goto	u61
   373  01FFEE  EFFB  F0FF         	goto	u60
   374  01FFF2                     u61:
   375  01FFF2  EFFD  F0FF         	goto	l24
   376  01FFF6                     u60:
   377  01FFF6                     
   378                           ;user_app.c: 107:             LATA=0x80;
   379  01FFF6  0E80               	movlw	128
   380  01FFF8  6EBE               	movwf	190,c	;volatile
   381  01FFFA                     l24:
   382  01FFFA  0012               	return		;funcret
   383  01FFFC                     __end_of_UserAppRun:
   384                           	callstack 0
   385                           
   386 ;; *************** function _UserAppInitialize *****************
   387 ;; Defined at:
   388 ;;		line 76 in file "user_app.c"
   389 ;; Parameters:    Size  Location     Type
   390 ;;		None
   391 ;; Auto vars:     Size  Location     Type
   392 ;;		None
   393 ;; Return value:  Size  Location     Type
   394 ;;                  1    wreg      void 
   395 ;; Registers used:
   396 ;;		None
   397 ;; Tracked objects:
   398 ;;		On entry : 0/0
   399 ;;		On exit  : 0/0
   400 ;;		Unchanged: 0/0
   401 ;; Data sizes:     COMRAM   BANK5   BANK6   BANK7   BANK8   BANK9  BANK10  BANK11  BANK12  BANK13  BANK14  BANK15  BANK1
      +6  BANK17  BANK18  BANK19  BANK20  BANK21  BANK22  BANK23  BANK24  BANK25  BANK26  BANK27  BANK28  BANK29  BANK30  BANK3
      +1  BANK32  BANK33  BANK34  BANK35  BANK36  BANK37
   402 ;;      Params:         0       0       0       0       0       0       0       0       0       0       0       0       
      +0       0       0       0       0       0       0       0       0       0       0       0       0       0       0       
      +0       0       0       0       0       0       0
   403 ;;      Locals:         0       0       0       0       0       0       0       0       0       0       0       0       
      +0       0       0       0       0       0       0       0       0       0       0       0       0       0       0       
      +0       0       0       0       0       0       0
   404 ;;      Temps:          0       0       0       0       0       0       0       0       0       0       0       0       
      +0       0       0       0       0       0       0       0       0       0       0       0       0       0       0       
      +0       0       0       0       0       0       0
   405 ;;      Totals:         0       0       0       0       0       0       0       0       0       0       0       0       
      +0       0       0       0       0       0       0       0       0       0       0       0       0       0       0       
      +0       0       0       0       0       0       0
   406 ;;Total ram usage:        0 bytes
   407 ;; Hardware stack levels used:    1
   408 ;; This function calls:
   409 ;;		Nothing
   410 ;; This function is called by:
   411 ;;		_main
   412 ;; This function uses a non-reentrant model
   413 ;;
   414                           
   415                           	psect	text2
   416  01FE72                     __ptext2:
   417                           	callstack 0
   418  01FE72                     _UserAppInitialize:
   419                           	callstack 127
   420  01FE72  0012               	return		;funcret
   421  01FE74                     __end_of_UserAppInitialize:
   422                           	callstack 0
   423                           
   424 ;; *************** function _SystemSleep *****************
   425 ;; Defined at:
   426 ;;		line 135 in file "encm369_pic18.c"
   427 ;; Parameters:    Size  Location     Type
   428 ;;		None
   429 ;; Auto vars:     Size  Location     Type
   430 ;;		None
   431 ;; Return value:  Size  Location     Type
   432 ;;                  1    wreg      void 
   433 ;; Registers used:
   434 ;;		None
   435 ;; Tracked objects:
   436 ;;		On entry : 0/0
   437 ;;		On exit  : 0/0
   438 ;;		Unchanged: 0/0
   439 ;; Data sizes:     COMRAM   BANK5   BANK6   BANK7   BANK8   BANK9  BANK10  BANK11  BANK12  BANK13  BANK14  BANK15  BANK1
      +6  BANK17  BANK18  BANK19  BANK20  BANK21  BANK22  BANK23  BANK24  BANK25  BANK26  BANK27  BANK28  BANK29  BANK30  BANK3
      +1  BANK32  BANK33  BANK34  BANK35  BANK36  BANK37
   440 ;;      Params:         0       0       0       0       0       0       0       0       0       0       0       0       
      +0       0       0       0       0       0       0       0       0       0       0       0       0       0       0       
      +0       0       0       0       0       0       0
   441 ;;      Locals:         0       0       0       0       0       0       0       0       0       0       0       0       
      +0       0       0       0       0       0       0       0       0       0       0       0       0       0       0       
      +0       0       0       0       0       0       0
   442 ;;      Temps:          0       0       0       0       0       0       0       0       0       0       0       0       
      +0       0       0       0       0       0       0       0       0       0       0       0       0       0       0       
      +0       0       0       0       0       0       0
   443 ;;      Totals:         0       0       0       0       0       0       0       0       0       0       0       0       
      +0       0       0       0       0       0       0       0       0       0       0       0       0       0       0       
      +0       0       0       0       0       0       0
   444 ;;Total ram usage:        0 bytes
   445 ;; Hardware stack levels used:    1
   446 ;; This function calls:
   447 ;;		Nothing
   448 ;; This function is called by:
   449 ;;		_main
   450 ;; This function uses a non-reentrant model
   451 ;;
   452                           
   453                           	psect	text3
   454  01FE70                     __ptext3:
   455                           	callstack 0
   456  01FE70                     _SystemSleep:
   457                           	callstack 127
   458  01FE70  0012               	return		;funcret
   459  01FE72                     __end_of_SystemSleep:
   460                           	callstack 0
   461                           
   462 ;; *************** function _SysTickSetup *****************
   463 ;; Defined at:
   464 ;;		line 113 in file "encm369_pic18.c"
   465 ;; Parameters:    Size  Location     Type
   466 ;;		None
   467 ;; Auto vars:     Size  Location     Type
   468 ;;		None
   469 ;; Return value:  Size  Location     Type
   470 ;;                  1    wreg      void 
   471 ;; Registers used:
   472 ;;		wreg, status,2
   473 ;; Tracked objects:
   474 ;;		On entry : 0/0
   475 ;;		On exit  : 0/0
   476 ;;		Unchanged: 0/0
   477 ;; Data sizes:     COMRAM   BANK5   BANK6   BANK7   BANK8   BANK9  BANK10  BANK11  BANK12  BANK13  BANK14  BANK15  BANK1
      +6  BANK17  BANK18  BANK19  BANK20  BANK21  BANK22  BANK23  BANK24  BANK25  BANK26  BANK27  BANK28  BANK29  BANK30  BANK3
      +1  BANK32  BANK33  BANK34  BANK35  BANK36  BANK37
   478 ;;      Params:         0       0       0       0       0       0       0       0       0       0       0       0       
      +0       0       0       0       0       0       0       0       0       0       0       0       0       0       0       
      +0       0       0       0       0       0       0
   479 ;;      Locals:         0       0       0       0       0       0       0       0       0       0       0       0       
      +0       0       0       0       0       0       0       0       0       0       0       0       0       0       0       
      +0       0       0       0       0       0       0
   480 ;;      Temps:          0       0       0       0       0       0       0       0       0       0       0       0       
      +0       0       0       0       0       0       0       0       0       0       0       0       0       0       0       
      +0       0       0       0       0       0       0
   481 ;;      Totals:         0       0       0       0       0       0       0       0       0       0       0       0       
      +0       0       0       0       0       0       0       0       0       0       0       0       0       0       0       
      +0       0       0       0       0       0       0
   482 ;;Total ram usage:        0 bytes
   483 ;; Hardware stack levels used:    1
   484 ;; This function calls:
   485 ;;		Nothing
   486 ;; This function is called by:
   487 ;;		_main
   488 ;; This function uses a non-reentrant model
   489 ;;
   490                           
   491                           	psect	text4
   492  01FEA6                     __ptext4:
   493                           	callstack 0
   494  01FEA6                     _SysTickSetup:
   495                           	callstack 127
   496  01FEA6                     
   497                           ;encm369_pic18.c: 115:   G_u32SystemTime1ms = 0;
   498  01FEA6  0E00               	movlw	0
   499  01FEA8  6E17               	movwf	_G_u32SystemTime1ms^(0+1280),c	;volatile
   500  01FEAA  0E00               	movlw	0
   501  01FEAC  6E18               	movwf	(_G_u32SystemTime1ms+1)^(0+1280),c	;volatile
   502  01FEAE  0E00               	movlw	0
   503  01FEB0  6E19               	movwf	(_G_u32SystemTime1ms+2)^(0+1280),c	;volatile
   504  01FEB2  0E00               	movlw	0
   505  01FEB4  6E1A               	movwf	(_G_u32SystemTime1ms+3)^(0+1280),c	;volatile
   506                           
   507                           ;encm369_pic18.c: 116:   G_u32SystemTime1s = 0;
   508  01FEB6  0E00               	movlw	0
   509  01FEB8  6E13               	movwf	_G_u32SystemTime1s^(0+1280),c	;volatile
   510  01FEBA  0E00               	movlw	0
   511  01FEBC  6E14               	movwf	(_G_u32SystemTime1s+1)^(0+1280),c	;volatile
   512  01FEBE  0E00               	movlw	0
   513  01FEC0  6E15               	movwf	(_G_u32SystemTime1s+2)^(0+1280),c	;volatile
   514  01FEC2  0E00               	movlw	0
   515  01FEC4  6E16               	movwf	(_G_u32SystemTime1s+3)^(0+1280),c	;volatile
   516  01FEC6  0012               	return		;funcret
   517  01FEC8                     __end_of_SysTickSetup:
   518                           	callstack 0
   519                           
   520 ;; *************** function _GpioSetup *****************
   521 ;; Defined at:
   522 ;;		line 89 in file "encm369_pic18.c"
   523 ;; Parameters:    Size  Location     Type
   524 ;;		None
   525 ;; Auto vars:     Size  Location     Type
   526 ;;		None
   527 ;; Return value:  Size  Location     Type
   528 ;;                  1    wreg      void 
   529 ;; Registers used:
   530 ;;		wreg, status,2
   531 ;; Tracked objects:
   532 ;;		On entry : 0/0
   533 ;;		On exit  : 0/0
   534 ;;		Unchanged: 0/0
   535 ;; Data sizes:     COMRAM   BANK5   BANK6   BANK7   BANK8   BANK9  BANK10  BANK11  BANK12  BANK13  BANK14  BANK15  BANK1
      +6  BANK17  BANK18  BANK19  BANK20  BANK21  BANK22  BANK23  BANK24  BANK25  BANK26  BANK27  BANK28  BANK29  BANK30  BANK3
      +1  BANK32  BANK33  BANK34  BANK35  BANK36  BANK37
   536 ;;      Params:         0       0       0       0       0       0       0       0       0       0       0       0       
      +0       0       0       0       0       0       0       0       0       0       0       0       0       0       0       
      +0       0       0       0       0       0       0
   537 ;;      Locals:         0       0       0       0       0       0       0       0       0       0       0       0       
      +0       0       0       0       0       0       0       0       0       0       0       0       0       0       0       
      +0       0       0       0       0       0       0
   538 ;;      Temps:          0       0       0       0       0       0       0       0       0       0       0       0       
      +0       0       0       0       0       0       0       0       0       0       0       0       0       0       0       
      +0       0       0       0       0       0       0
   539 ;;      Totals:         0       0       0       0       0       0       0       0       0       0       0       0       
      +0       0       0       0       0       0       0       0       0       0       0       0       0       0       0       
      +0       0       0       0       0       0       0
   540 ;;Total ram usage:        0 bytes
   541 ;; Hardware stack levels used:    1
   542 ;; This function calls:
   543 ;;		Nothing
   544 ;; This function is called by:
   545 ;;		_main
   546 ;; This function uses a non-reentrant model
   547 ;;
   548                           
   549                           	psect	text5
   550  01FE86                     __ptext5:
   551                           	callstack 0
   552  01FE86                     _GpioSetup:
   553                           	callstack 127
   554  01FE86                     
   555                           ;encm369_pic18.c: 91:     PORTA = 0x00;
   556  01FE86  0E00               	movlw	0
   557  01FE88  6ECE               	movwf	206,c	;volatile
   558                           
   559                           ;encm369_pic18.c: 92:     ANSELA = 0x00;
   560  01FE8A  0E00               	movlw	0
   561  01FE8C  0104               	movlb	4	; () banked
   562  01FE8E  6F00               	movwf	0,b	;volatile
   563                           
   564                           ;encm369_pic18.c: 93:     TRISA = 0x00;
   565  01FE90  0E00               	movlw	0
   566  01FE92  6EC6               	movwf	198,c	;volatile
   567                           
   568                           ;encm369_pic18.c: 94:     LATA = 0x80;
   569  01FE94  0E80               	movlw	128
   570  01FE96  6EBE               	movwf	190,c	;volatile
   571                           
   572                           ;encm369_pic18.c: 95:     TRISB = 0X30;
   573  01FE98  0E30               	movlw	48
   574  01FE9A  6EC7               	movwf	199,c	;volatile
   575                           
   576                           ;encm369_pic18.c: 96:     PORTB = 0X00;
   577  01FE9C  0E00               	movlw	0
   578  01FE9E  6ECF               	movwf	207,c	;volatile
   579                           
   580                           ;encm369_pic18.c: 97:     ANSELB = 0x00;
   581  01FEA0  0E00               	movlw	0
   582  01FEA2  6F08               	movwf	8,b	;volatile
   583  01FEA4                     
   584                           ; BSR set to: 4
   585  01FEA4  0012               	return		;funcret
   586  01FEA6                     __end_of_GpioSetup:
   587                           	callstack 0
   588                           
   589 ;; *************** function _ClockSetup *****************
   590 ;; Defined at:
   591 ;;		line 70 in file "encm369_pic18.c"
   592 ;; Parameters:    Size  Location     Type
   593 ;;		None
   594 ;; Auto vars:     Size  Location     Type
   595 ;;		None
   596 ;; Return value:  Size  Location     Type
   597 ;;                  1    wreg      void 
   598 ;; Registers used:
   599 ;;		None
   600 ;; Tracked objects:
   601 ;;		On entry : 0/0
   602 ;;		On exit  : 0/0
   603 ;;		Unchanged: 0/0
   604 ;; Data sizes:     COMRAM   BANK5   BANK6   BANK7   BANK8   BANK9  BANK10  BANK11  BANK12  BANK13  BANK14  BANK15  BANK1
      +6  BANK17  BANK18  BANK19  BANK20  BANK21  BANK22  BANK23  BANK24  BANK25  BANK26  BANK27  BANK28  BANK29  BANK30  BANK3
      +1  BANK32  BANK33  BANK34  BANK35  BANK36  BANK37
   605 ;;      Params:         0       0       0       0       0       0       0       0       0       0       0       0       
      +0       0       0       0       0       0       0       0       0       0       0       0       0       0       0       
      +0       0       0       0       0       0       0
   606 ;;      Locals:         0       0       0       0       0       0       0       0       0       0       0       0       
      +0       0       0       0       0       0       0       0       0       0       0       0       0       0       0       
      +0       0       0       0       0       0       0
   607 ;;      Temps:          0       0       0       0       0       0       0       0       0       0       0       0       
      +0       0       0       0       0       0       0       0       0       0       0       0       0       0       0       
      +0       0       0       0       0       0       0
   608 ;;      Totals:         0       0       0       0       0       0       0       0       0       0       0       0       
      +0       0       0       0       0       0       0       0       0       0       0       0       0       0       0       
      +0       0       0       0       0       0       0
   609 ;;Total ram usage:        0 bytes
   610 ;; Hardware stack levels used:    1
   611 ;; This function calls:
   612 ;;		Nothing
   613 ;; This function is called by:
   614 ;;		_main
   615 ;; This function uses a non-reentrant model
   616 ;;
   617                           
   618                           	psect	text6
   619  01FE6E                     __ptext6:
   620                           	callstack 0
   621  01FE6E                     _ClockSetup:
   622                           	callstack 127
   623  01FE6E  0012               	return		;funcret
   624  01FE70                     __end_of_ClockSetup:
   625                           	callstack 0
   626  0000                     
   627                           	psect	rparam
   628  0000                     
   629                           	psect	idloc
   630                           
   631                           ;Config register IDLOC0 @ 0x200000
   632                           ;	unspecified, using default values
   633  200000                     	org	2097152
   634  200000  0FFF               	dw	4095
   635                           
   636                           ;Config register IDLOC1 @ 0x200002
   637                           ;	unspecified, using default values
   638  200002                     	org	2097154
   639  200002  0FFF               	dw	4095
   640                           
   641                           ;Config register IDLOC2 @ 0x200004
   642                           ;	unspecified, using default values
   643  200004                     	org	2097156
   644  200004  0FFF               	dw	4095
   645                           
   646                           ;Config register IDLOC3 @ 0x200006
   647                           ;	unspecified, using default values
   648  200006                     	org	2097158
   649  200006  0FFF               	dw	4095
   650                           
   651                           ;Config register IDLOC4 @ 0x200008
   652                           ;	unspecified, using default values
   653  200008                     	org	2097160
   654  200008  0FFF               	dw	4095
   655                           
   656                           ;Config register IDLOC5 @ 0x20000A
   657                           ;	unspecified, using default values
   658  20000A                     	org	2097162
   659  20000A  0FFF               	dw	4095
   660                           
   661                           ;Config register IDLOC6 @ 0x20000C
   662                           ;	unspecified, using default values
   663  20000C                     	org	2097164
   664  20000C  0FFF               	dw	4095
   665                           
   666                           ;Config register IDLOC7 @ 0x20000E
   667                           ;	unspecified, using default values
   668  20000E                     	org	2097166
   669  20000E  0FFF               	dw	4095
   670                           
   671                           ;Config register IDLOC8 @ 0x200010
   672                           ;	unspecified, using default values
   673  200010                     	org	2097168
   674  200010  0FFF               	dw	4095
   675                           
   676                           ;Config register IDLOC9 @ 0x200012
   677                           ;	unspecified, using default values
   678  200012                     	org	2097170
   679  200012  0FFF               	dw	4095
   680                           
   681                           ;Config register IDLOC10 @ 0x200014
   682                           ;	unspecified, using default values
   683  200014                     	org	2097172
   684  200014  0FFF               	dw	4095
   685                           
   686                           ;Config register IDLOC11 @ 0x200016
   687                           ;	unspecified, using default values
   688  200016                     	org	2097174
   689  200016  0FFF               	dw	4095
   690                           
   691                           ;Config register IDLOC12 @ 0x200018
   692                           ;	unspecified, using default values
   693  200018                     	org	2097176
   694  200018  0FFF               	dw	4095
   695                           
   696                           ;Config register IDLOC13 @ 0x20001A
   697                           ;	unspecified, using default values
   698  20001A                     	org	2097178
   699  20001A  0FFF               	dw	4095
   700                           
   701                           ;Config register IDLOC14 @ 0x20001C
   702                           ;	unspecified, using default values
   703  20001C                     	org	2097180
   704  20001C  0FFF               	dw	4095
   705                           
   706                           ;Config register IDLOC15 @ 0x20001E
   707                           ;	unspecified, using default values
   708  20001E                     	org	2097182
   709  20001E  0FFF               	dw	4095
   710                           
   711                           	psect	config
   712                           
   713                           ;Config register CONFIG1 @ 0x300000
   714                           ;	External Oscillator Selection
   715                           ;	FEXTOSC = OFF, Oscillator not enabled
   716                           ;	Reset Oscillator Selection
   717                           ;	RSTOSC = HFINTOSC_64MHZ, HFINTOSC with HFFRQ = 64 MHz and CDIV = 1:1
   718  300000                     	org	3145728
   719  300000  8C                 	db	140
   720                           
   721                           ;Config register CONFIG2 @ 0x300001
   722                           ;	Clock out Enable bit
   723                           ;	CLKOUTEN = ON, CLKOUT function is enabled
   724                           ;	PRLOCKED One-Way Set Enable bit
   725                           ;	PR1WAY = ON, PRLOCKED bit can be cleared and set only once
   726                           ;	Clock Switch Enable bit
   727                           ;	CSWEN = ON, Writing to NOSC and NDIV is allowed
   728                           ;	Fail-Safe Clock Monitor Enable bit
   729                           ;	FCMEN = ON, Fail-Safe Clock Monitor enabled
   730  300001                     	org	3145729
   731  300001  FE                 	db	254
   732                           
   733                           ;Config register CONFIG3 @ 0x300002
   734                           ;	MCLR Enable bit
   735                           ;	MCLRE = EXTMCLR, If LVP = 0, MCLR pin is MCLR; If LVP = 1, RE3 pin function is MCLR
   736                           ;	Power-up timer selection bits
   737                           ;	PWRTS = PWRT_OFF, PWRT is disabled
   738                           ;	Multi-vector enable bit
   739                           ;	MVECEN = ON, Multi-vector enabled, Vector table used for interrupts
   740                           ;	IVTLOCK bit One-way set enable bit
   741                           ;	IVT1WAY = ON, IVTLOCKED bit can be cleared and set only once
   742                           ;	Low Power BOR Enable bit
   743                           ;	LPBOREN = OFF, Low-Power BOR disabled
   744                           ;	Brown-out Reset Enable bits
   745                           ;	BOREN = SBORDIS, Brown-out Reset enabled , SBOREN bit is ignored
   746  300002                     	org	3145730
   747  300002  FF                 	db	255
   748                           
   749                           ;Config register CONFIG4 @ 0x300003
   750                           ;	Brown-out Reset Voltage Selection bits
   751                           ;	BORV = VBOR_2P85, Brown-out Reset Voltage (VBOR) set to 2.8V
   752                           ;	ZCD Disable bit
   753                           ;	ZCD = OFF, ZCD module is disabled. ZCD can be enabled by setting the ZCDSEN bit of ZCD
      +                          CON
   754                           ;	PPSLOCK bit One-Way Set Enable bit
   755                           ;	PPS1WAY = ON, PPSLOCKED bit can be cleared and set only once; PPS registers remain loc
      +                          ked after one clear/set cycle
   756                           ;	Stack Full/Underflow Reset Enable bit
   757                           ;	STVREN = ON, Stack full/underflow will cause Reset
   758                           ;	Low Voltage Programming Enable bit
   759                           ;	LVP = ON, Low voltage programming enabled. MCLR/VPP pin function is MCLR. MCLRE config
      +                          uration bit is ignored
   760                           ;	Extended Instruction Set Enable bit
   761                           ;	XINST = OFF, Extended Instruction Set and Indexed Addressing Mode disabled
   762  300003                     	org	3145731
   763  300003  FC                 	db	252
   764                           
   765                           ;Config register CONFIG5 @ 0x300004
   766                           ;	WDT Period selection bits
   767                           ;	WDTCPS = WDTCPS_31, Divider ratio 1:65536; software control of WDTPS
   768                           ;	WDT operating mode
   769                           ;	WDTE = OFF, WDT Disabled; SWDTEN is ignored
   770  300004                     	org	3145732
   771  300004  9F                 	db	159
   772                           
   773                           ;Config register CONFIG6 @ 0x300005
   774                           ;	WDT Window Select bits
   775                           ;	WDTCWS = WDTCWS_7, window always open (100%); software control; keyed access not requi
      +                          red
   776                           ;	WDT input clock selector
   777                           ;	WDTCCS = SC, Software Control
   778  300005                     	org	3145733
   779  300005  FF                 	db	255
   780                           
   781                           ;Config register CONFIG7 @ 0x300006
   782                           ;	Boot Block Size selection bits
   783                           ;	BBSIZE = BBSIZE_512, Boot Block size is 512 words
   784                           ;	Boot Block enable bit
   785                           ;	BBEN = OFF, Boot block disabled
   786                           ;	Storage Area Flash enable bit
   787                           ;	SAFEN = OFF, SAF disabled
   788                           ;	Background Debugger
   789                           ;	DEBUG = OFF, Background Debugger disabled
   790  300006                     	org	3145734
   791  300006  FF                 	db	255
   792                           
   793                           ;Config register CONFIG8 @ 0x300007
   794                           ;	Boot Block Write Protection bit
   795                           ;	WRTB = OFF, Boot Block not Write protected
   796                           ;	Configuration Register Write Protection bit
   797                           ;	WRTC = OFF, Configuration registers not Write protected
   798                           ;	Data EEPROM Write Protection bit
   799                           ;	WRTD = OFF, Data EEPROM not Write protected
   800                           ;	SAF Write protection bit
   801                           ;	WRTSAF = OFF, SAF not Write Protected
   802                           ;	Application Block write protection bit
   803                           ;	WRTAPP = OFF, Application Block not write protected
   804  300007                     	org	3145735
   805  300007  FF                 	db	255
   806                           
   807                           ; Padding undefined space
   808  300008                     	org	3145736
   809  300008  FF                 	db	255
   810                           
   811                           ;Config register CONFIG10 @ 0x300009
   812                           ;	PFM and Data EEPROM Code Protection bit
   813                           ;	CP = OFF, PFM and Data EEPROM code protection disabled
   814  300009                     	org	3145737
   815  300009  FF                 	db	255
   816                           tosu	equ	0x4FF
   817                           tosh	equ	0x4FE
   818                           tosl	equ	0x4FD
   819                           stkptr	equ	0x4FC
   820                           pclatu	equ	0x4FB
   821                           pclath	equ	0x4FA
   822                           pcl	equ	0x4F9
   823                           tblptru	equ	0x4F8
   824                           tblptrh	equ	0x4F7
   825                           tblptrl	equ	0x4F6
   826                           tablat	equ	0x4F5
   827                           prodh	equ	0x4F4
   828                           prodl	equ	0x4F3
   829                           indf0	equ	0x4EF
   830                           postinc0	equ	0x4EE
   831                           postdec0	equ	0x4ED
   832                           preinc0	equ	0x4EC
   833                           plusw0	equ	0x4EB
   834                           fsr0h	equ	0x4EA
   835                           fsr0l	equ	0x4E9
   836                           wreg	equ	0x4E8
   837                           indf1	equ	0x4E7
   838                           postinc1	equ	0x4E6
   839                           postdec1	equ	0x4E5
   840                           preinc1	equ	0x4E4
   841                           plusw1	equ	0x4E3
   842                           fsr1h	equ	0x4E2
   843                           fsr1l	equ	0x4E1
   844                           bsr	equ	0x4E0
   845                           indf2	equ	0x4DF
   846                           postinc2	equ	0x4DE
   847                           postdec2	equ	0x4DD
   848                           preinc2	equ	0x4DC
   849                           plusw2	equ	0x4DB
   850                           fsr2h	equ	0x4DA
   851                           fsr2l	equ	0x4D9
   852                           status	equ	0x4D8

Data Sizes:
    Strings     0
    Constant    0
    Data        0
    BSS         13
    Persistent  0
    Stack       0

Auto Spaces:
    Space          Size  Autos    Used
    COMRAM           95     14      27
    BANK5           160      0       0
    BANK6           256      0       0
    BANK7           256      0       0
    BANK8           256      0       0
    BANK9           256      0       0
    BANK10          256      0       0
    BANK11          256      0       0
    BANK12          256      0       0
    BANK13          256      0       0
    BANK14          256      0       0
    BANK15          256      0       0
    BANK16          256      0       0
    BANK17          256      0       0
    BANK18          256      0       0
    BANK19          256      0       0
    BANK20          256      0       0
    BANK21          256      0       0
    BANK22          256      0       0
    BANK23          256      0       0
    BANK24          256      0       0
    BANK25          256      0       0
    BANK26          256      0       0
    BANK27          256      0       0
    BANK28          256      0       0
    BANK29          256      0       0
    BANK30          256      0       0
    BANK31          256      0       0
    BANK32          256      0       0
    BANK33          256      0       0
    BANK34          256      0       0
    BANK35          256      0       0
    BANK36          256      0       0
    BANK37          256      0       0

Pointer List with Targets:

    None.

Critical Paths under _main in COMRAM

    _main->_UserAppRun

Critical Paths under _main in BANK5

    None.

Critical Paths under _main in BANK6

    None.

Critical Paths under _main in BANK7

    None.

Critical Paths under _main in BANK8

    None.

Critical Paths under _main in BANK9

    None.

Critical Paths under _main in BANK10

    None.

Critical Paths under _main in BANK11

    None.

Critical Paths under _main in BANK12

    None.

Critical Paths under _main in BANK13

    None.

Critical Paths under _main in BANK14

    None.

Critical Paths under _main in BANK15

    None.

Critical Paths under _main in BANK16

    None.

Critical Paths under _main in BANK17

    None.

Critical Paths under _main in BANK18

    None.

Critical Paths under _main in BANK19

    None.

Critical Paths under _main in BANK20

    None.

Critical Paths under _main in BANK21

    None.

Critical Paths under _main in BANK22

    None.

Critical Paths under _main in BANK23

    None.

Critical Paths under _main in BANK24

    None.

Critical Paths under _main in BANK25

    None.

Critical Paths under _main in BANK26

    None.

Critical Paths under _main in BANK27

    None.

Critical Paths under _main in BANK28

    None.

Critical Paths under _main in BANK29

    None.

Critical Paths under _main in BANK30

    None.

Critical Paths under _main in BANK31

    None.

Critical Paths under _main in BANK32

    None.

Critical Paths under _main in BANK33

    None.

Critical Paths under _main in BANK34

    None.

Critical Paths under _main in BANK35

    None.

Critical Paths under _main in BANK36

    None.

Critical Paths under _main in BANK37

    None.

Call Graph Tables:

 ---------------------------------------------------------------------------------
 (Depth) Function   	        Calls       Base Space   Used Autos Params    Refs
 ---------------------------------------------------------------------------------
 (0) _main                                                 0     0      0      90
                         _ClockSetup
                          _GpioSetup
                       _SysTickSetup
                        _SystemSleep
                  _UserAppInitialize
                         _UserAppRun
 ---------------------------------------------------------------------------------
 (1) _UserAppRun                                          14    14      0      90
                                              0 COMRAM    14    14      0
 ---------------------------------------------------------------------------------
 (1) _UserAppInitialize                                    0     0      0       0
 ---------------------------------------------------------------------------------
 (1) _SystemSleep                                          0     0      0       0
 ---------------------------------------------------------------------------------
 (1) _SysTickSetup                                         0     0      0       0
 ---------------------------------------------------------------------------------
 (1) _GpioSetup                                            0     0      0       0
 ---------------------------------------------------------------------------------
 (1) _ClockSetup                                           0     0      0       0
 ---------------------------------------------------------------------------------
 Estimated maximum stack depth 1
 ---------------------------------------------------------------------------------

 Call Graph Graphs:

 _main (ROOT)
   _ClockSetup
   _GpioSetup
   _SysTickSetup
   _SystemSleep
   _UserAppInitialize
   _UserAppRun

 Address spaces:
Name               Size   Autos  Total    Cost      Usage
BIGRAM            20FF      0       0      71        0.0%
EEDATA             400      0       0       0        0.0%
BITBANK37          100      0       0      70        0.0%
BANK37             100      0       0      68        0.0%
BITBANK36          100      0       0      66        0.0%
BANK36             100      0       0      67        0.0%
BITBANK35          100      0       0      64        0.0%
BANK35             100      0       0      65        0.0%
BITBANK34          100      0       0      62        0.0%
BANK34             100      0       0      63        0.0%
BITBANK33          100      0       0      60        0.0%
BANK33             100      0       0      61        0.0%
BITBANK32          100      0       0      58        0.0%
BANK32             100      0       0      59        0.0%
BITBANK31          100      0       0      56        0.0%
BANK31             100      0       0      57        0.0%
BITBANK30          100      0       0      54        0.0%
BANK30             100      0       0      55        0.0%
BITBANK29          100      0       0      52        0.0%
BANK29             100      0       0      53        0.0%
BITBANK28          100      0       0      50        0.0%
BANK28             100      0       0      51        0.0%
BITBANK27          100      0       0      48        0.0%
BANK27             100      0       0      49        0.0%
BITBANK26          100      0       0      46        0.0%
BANK26             100      0       0      47        0.0%
BITBANK25          100      0       0      44        0.0%
BANK25             100      0       0      45        0.0%
BITBANK24          100      0       0      42        0.0%
BANK24             100      0       0      43        0.0%
BITBANK23          100      0       0      40        0.0%
BANK23             100      0       0      41        0.0%
BITBANK22          100      0       0      38        0.0%
BANK22             100      0       0      39        0.0%
BITBANK21          100      0       0      36        0.0%
BANK21             100      0       0      37        0.0%
BITBANK20          100      0       0      34        0.0%
BANK20             100      0       0      35        0.0%
BITBANK19          100      0       0      32        0.0%
BANK19             100      0       0      33        0.0%
BITBANK18          100      0       0      30        0.0%
BANK18             100      0       0      31        0.0%
BITBANK17          100      0       0      28        0.0%
BANK17             100      0       0      29        0.0%
BITBANK16          100      0       0      26        0.0%
BANK16             100      0       0      27        0.0%
BITBANK15          100      0       0      24        0.0%
BANK15             100      0       0      25        0.0%
BITBANK14          100      0       0      22        0.0%
BANK14             100      0       0      23        0.0%
BITBANK13          100      0       0      20        0.0%
BANK13             100      0       0      21        0.0%
BITBANK12          100      0       0      18        0.0%
BANK12             100      0       0      19        0.0%
BITBANK11          100      0       0      16        0.0%
BANK11             100      0       0      17        0.0%
BITBANK10          100      0       0      14        0.0%
BANK10             100      0       0      15        0.0%
BITBANK9           100      0       0      12        0.0%
BANK9              100      0       0      13        0.0%
BITBANK8           100      0       0      10        0.0%
BANK8              100      0       0      11        0.0%
BITBANK7           100      0       0       8        0.0%
BANK7              100      0       0       9        0.0%
BITBANK6           100      0       0       6        0.0%
BANK6              100      0       0       7        0.0%
BITBANK5            A0      0       0       4        0.0%
BANK5               A0      0       0       5        0.0%
BITCOMRAM           5F      0       0       0        0.0%
COMRAM              5F      E      1B       1       28.4%
BITSFR_5             0      0       0     200        0.0%
SFR_5                0      0       0     200        0.0%
BITSFR_4             0      0       0     200        0.0%
SFR_4                0      0       0     200        0.0%
BITSFR_3             0      0       0     200        0.0%
SFR_3                0      0       0     200        0.0%
BITSFR_2             0      0       0     200        0.0%
SFR_2                0      0       0     200        0.0%
BITSFR_1             0      0       0     200        0.0%
SFR_1                0      0       0     200        0.0%
BITSFR               0      0       0     200        0.0%
SFR                  0      0       0     200        0.0%
STACK                0      0       0       2        0.0%
NULL                 0      0       0       0        0.0%
ABS                  0      0      1B      69        0.0%
DATA                 0      0      1B       3        0.0%
CODE                 0      0       0       0        0.0%


Microchip Technology PIC18 Macro Assembler V2.31 build 20201012212115 
Symbol Table                                                                                   Fri Feb 19 10:40:40 2021

     __size_of_SysTickSetup 0022                           l9 FE72                          l24 FFFA  
                        l71 FE6E                          l80 FE70                          l74 FEA4  
                        l77 FEC6                          u10 FF0E                          u11 FF0A  
                        u20 FF1E                          u21 FF1A                          u30 FF5E  
                        u31 FF5A                          u40 FF9E                          u41 FF9A  
                        u50 FFDE                          u51 FFDA                          u60 FFF6  
                        u61 FFF2                         l800 FEDA                         l802 FEDE  
                       l760 FF0E                         l770 FF6A                         l762 FF1E  
                       l780 FFDE                         l772 FF6E                         l764 FF2A  
                       l756 FEEA                         l774 FF9E                         l766 FF2E  
                       l782 FFE4                         l758 FEFA                         l790 FEC8  
                       l784 FFF6                         l776 FFAA                         l768 FF5E  
                       l792 FECA                         l786 FEA6                         l778 FFAE  
                       l794 FECE                         l788 FE86                         l796 FED2  
                       l798 FED6                         wreg 0004E8                        _LATA 0004BE  
                      _main FEC8                _SysTickSetup FEA6                        start FFFC  
      __size_of_SystemSleep 0002                ___param_bank 000000                  _ClockSetup FE6E  
                     ?_main 0501                       _PORTA 0004CE                       _PORTB 0004CF  
                     _TRISA 0004C6                       _TRISB 0004C7                       status 0004D8  
           __initialization FE74                __end_of_main FEEA                      ??_main 050F  
             __activetblptr 000000                      _ANSELA 000400                      _ANSELB 000408  
        __size_of_GpioSetup 0020                 ?_ClockSetup 0501              UserAppRun@i_31 0507  
            UserAppRun@i_32 0509                      clear_0 FE7A                  _UserAppRun FEEA  
                __accesstop 0560     __end_of__initialization FE80               ___rparam_used 000001  
          _G_u8UserAppFlags 051B              __pcstackCOMRAM 0501           __end_of_GpioSetup FEA6  
       __size_of_ClockSetup 0002                 ?_UserAppRun 0501               ??_SystemSleep 0501  
                   __Hparam 0000                     __Lparam 0000                     __pcinit FE74  
                   __ramtop 2600                     __ptext0 FEC8                     __ptext1 FEEA  
                   __ptext2 FE72                     __ptext3 FE70                     __ptext4 FEA6  
                   __ptext5 FE86                     __ptext6 FE6E        end_of_initialization FE80  
          _G_u32SystemFlags 050F                     postinc0 0004EE         __end_of_SystemSleep FE72  
              ??_ClockSetup 0501         __size_of_UserAppRun 0112        UserAppRun@u32Counter 050B  
        __end_of_ClockSetup FE70                 UserAppRun@i 0505                   _GpioSetup FE86  
       start_initialization FE74               ?_SysTickSetup 0501                 _SystemSleep FE70  
                ?_GpioSetup 0501                 __pbssCOMRAM 050F           _UserAppInitialize FE72  
              ??_UserAppRun 0501          ?_UserAppInitialize 0501              ??_SysTickSetup 0501  
       ??_UserAppInitialize 0501          __end_of_UserAppRun FFFC   __end_of_UserAppInitialize FE74  
               ??_GpioSetup 0501                    __Hrparam 0000                    __Lrparam 0000  
      __end_of_SysTickSetup FEC8  __size_of_UserAppInitialize 0002               __size_of_main 0022  
              ?_SystemSleep 0501          _G_u32SystemTime1ms 0517           _G_u32SystemTime1s 0513  
