

Microchip MPLAB XC8 Assembler V2.31 build 20201012212115 
                                                                                               Thu Mar 04 09:00:43 2021

Microchip MPLAB XC8 C Compiler v2.31 (Free license) build 20201012212115 Og1 
     1                           	processor	18F27Q43
     2                           	fnconf	rparam,??,?,0
     3                           	pagewidth 120
     4                           	opt	flic
     5                           	psect	idataCOMRAM,global,class=CODE,delta=1,noexec
     6                           	psect	cinit,global,reloc=2,class=CODE,delta=1
     7                           	psect	bssCOMRAM,global,class=COMRAM,space=1,delta=1,lowdata,noexec
     8                           	psect	dataCOMRAM,global,class=COMRAM,space=1,delta=1,lowdata,noexec
     9                           	psect	cstackCOMRAM,global,class=COMRAM,space=1,delta=1,lowdata,noexec
    10                           	psect	text0,global,reloc=2,class=CODE,delta=1
    11                           	psect	text1,global,reloc=2,class=CODE,delta=1
    12                           	psect	text2,global,reloc=2,class=CODE,delta=1
    13                           	psect	text3,global,reloc=2,class=CODE,delta=1
    14                           	psect	text4,global,reloc=2,class=CODE,delta=1
    15                           	psect	text5,global,reloc=2,class=CODE,delta=1
    16                           	psect	text6,global,reloc=2,class=CODE,delta=1
    17                           	psect	text7,global,reloc=2,class=CODE,delta=1
    18                           	psect	intsave_regs,global,class=BIGRAM,space=1,delta=1,noexec
    19                           	psect	rparam,global,class=COMRAM,space=1,delta=1,noexec
    20                           	psect	idloc,global,abs,ovrld,class=IDLOC,space=5,delta=1,noexec
    21                           	psect	config,global,abs,ovrld,class=CONFIG,space=4,delta=1,noexec
    22  0000                     
    23                           ; Version 2.30
    24                           ; Generated 20/08/2020 GMT
    25                           ; 
    26                           ; Copyright © 2020, Microchip Technology Inc. and its subsidiaries ("Microchip")
    27                           ; All rights reserved.
    28                           ; 
    29                           ; This software is developed by Microchip Technology Inc. and its subsidiaries ("Microch
      +                          ip").
    30                           ; 
    31                           ; Redistribution and use in source and binary forms, with or without modification, are
    32                           ; permitted provided that the following conditions are met:
    33                           ; 
    34                           ;     1. Redistributions of source code must retain the above copyright notice, this lis
      +                          t of
    35                           ;        conditions and the following disclaimer.
    36                           ; 
    37                           ;     2. Redistributions in binary form must reproduce the above copyright notice, this 
      +                          list
    38                           ;        of conditions and the following disclaimer in the documentation and/or other
    39                           ;        materials provided with the distribution. Publication is not required when
    40                           ;        this file is used in an embedded application.
    41                           ; 
    42                           ;     3. Microchip's name may not be used to endorse or promote products derived from th
      +                          is
    43                           ;        software without specific prior written permission.
    44                           ; 
    45                           ; THIS SOFTWARE IS PROVIDED BY MICROCHIP "AS IS" AND ANY EXPRESS OR IMPLIED WARRANTIES,
    46                           ; INCLUDING, BUT NOT LIMITED TO, THE IMPLIED WARRANTIES OF MERCHANTABILITY AND FITNESS F
      +                          OR
    47                           ; PURPOSE ARE DISCLAIMED.  IN NO EVENT SHALL MICROCHIP BE LIABLE FOR ANY DIRECT, INDIREC
      +                          T,
    48                           ; INCIDENTAL, SPECIAL, EXEMPLARY, OR CONSEQUENTIAL DAMAGES (INCLUDING BUT NOT LIMITED TO
    49                           ; PROCUREMENT OF SUBSTITUTE GOODS OR SERVICES; LOSS OF USE, DATA OR PROFITS; OR BUSINESS
    50                           ; INTERRUPTION) HOWSOEVER CAUSED AND ON ANY THEORY OF LIABILITY, WHETHER IN CONTRACT, ST
      +                          RICT
    51                           ; LIABILITY, OR TORT (INCLUDING NEGLIGENCE OR OTHERWISE) ARISING IN ANY WAY OUT OF THE U
      +                          SE OF
    52                           ; THIS SOFTWARE, EVEN IF ADVISED OF THE POSSIBILITY OF SUCH DAMAGE.
    53                           ; 
    54                           ; 
    55                           ; Code-generator required, PIC18F27Q43 Definitions
    56                           ; 
    57                           ; SFR Addresses
    58  0000                     
    59                           	psect	idataCOMRAM
    60  01FEF0                     __pidataCOMRAM:
    61                           	callstack 0
    62                           
    63                           ;initializer for _au8Pattern
    64  01FEF0  01                 	db	1
    65  01FEF1  02                 	db	2
    66  01FEF2  04                 	db	4
    67  01FEF3  08                 	db	8
    68  01FEF4  10                 	db	16
    69  01FEF5  20                 	db	32
    70  0000                     _TMR0L	set	792
    71  0000                     _TMR0H	set	793
    72  0000                     _T0CON1	set	795
    73  0000                     _T0CON0	set	794
    74  0000                     _ANSELA	set	1024
    75  0000                     _PIR3bits	set	1201
    76  0000                     _LATA	set	1214
    77  0000                     _TRISA	set	1222
    78  0000                     _PORTA	set	1230
    79                           
    80                           ; #config settings
    81                           
    82                           	psect	cinit
    83  01FF52                     __pcinit:
    84                           	callstack 0
    85  01FF52                     start_initialization:
    86                           	callstack 0
    87  01FF52                     __initialization:
    88                           	callstack 0
    89                           
    90                           ; Initialize objects allocated to COMRAM (6 bytes)
    91                           ; load TBLPTR registers with __pidataCOMRAM
    92  01FF52  0EF0               	movlw	low __pidataCOMRAM
    93  01FF54  6EF6               	movwf	tblptrl,c
    94  01FF56  0EFE               	movlw	high __pidataCOMRAM
    95  01FF58  6EF7               	movwf	tblptrh,c
    96  01FF5A  0E01               	movlw	low (__pidataCOMRAM shr (0+16))
    97  01FF5C  6EF8               	movwf	tblptru,c
    98  01FF5E  EE01  F10F         	lfsr	0,__pdataCOMRAM
    99  01FF62  EE10 F006          	lfsr	1,6
   100  01FF66                     copy_data0:
   101  01FF66  0009               	tblrd		*+
   102  01FF68  C4F5 F4EE          	movff	tablat,postinc0
   103  01FF6C  50E5               	movf	postdec1,w,c
   104  01FF6E  50E1               	movf	fsr1l,w,c
   105  01FF70  E1FA               	bnz	copy_data0
   106                           
   107                           ; Clear objects allocated to COMRAM (14 bytes)
   108  01FF72  EE01  F101         	lfsr	0,__pbssCOMRAM
   109  01FF76  0E0E               	movlw	14
   110  01FF78                     clear_0:
   111  01FF78  6AEE               	clrf	postinc0,c
   112  01FF7A  06E8               	decf	wreg,f,c
   113  01FF7C  E1FD               	bnz	clear_0
   114  01FF7E                     end_of_initialization:
   115                           	callstack 0
   116  01FF7E                     __end_of__initialization:
   117                           	callstack 0
   118  01FF7E  0100               	movlb	0
   119  01FF80  EFDE  F0FF         	goto	_main	;jump to C main() function
   120                           
   121                           	psect	bssCOMRAM
   122  000501                     __pbssCOMRAM:
   123                           	callstack 0
   124  000501                     _G_u32SystemFlags:
   125                           	callstack 0
   126  000501                     	ds	4
   127  000505                     _G_u32SystemTime1s:
   128                           	callstack 0
   129  000505                     	ds	4
   130  000509                     _G_u32SystemTime1ms:
   131                           	callstack 0
   132  000509                     	ds	4
   133  00050D                     _Counter:
   134                           	callstack 0
   135  00050D                     	ds	1
   136  00050E                     _G_u8UserAppFlags:
   137                           	callstack 0
   138  00050E                     	ds	1
   139                           
   140                           	psect	dataCOMRAM
   141  00050F                     __pdataCOMRAM:
   142                           	callstack 0
   143  00050F                     _au8Pattern:
   144                           	callstack 0
   145  00050F                     	ds	6
   146                           
   147                           	psect	cstackCOMRAM
   148  000515                     __pcstackCOMRAM:
   149                           	callstack 0
   150  000515                     TimeXus@User_Input:
   151                           	callstack 0
   152                           
   153                           ; 2 bytes @ 0x0
   154  000515                     	ds	2
   155  000517                     
   156                           ; 1 bytes @ 0x2
   157  000517                     	ds	2
   158  000519                     
   159                           ; 1 bytes @ 0x4
   160 ;;
   161 ;;Main: autosize = 0, tempsize = 0, incstack = 0, save=0
   162 ;;
   163 ;; *************** function _main *****************
   164 ;; Defined at:
   165 ;;		line 35 in file "main.c"
   166 ;; Parameters:    Size  Location     Type
   167 ;;		None
   168 ;; Auto vars:     Size  Location     Type
   169 ;;		None
   170 ;; Return value:  Size  Location     Type
   171 ;;                  1    wreg      void 
   172 ;; Registers used:
   173 ;;		wreg, fsr2l, fsr2h, status,2, status,0, cstack
   174 ;; Tracked objects:
   175 ;;		On entry : 0/0
   176 ;;		On exit  : 0/0
   177 ;;		Unchanged: 0/0
   178 ;; Data sizes:     COMRAM   BANK5   BANK6   BANK7   BANK8   BANK9  BANK10  BANK11  BANK12  BANK13  BANK14  BANK15  BANK1
      +6  BANK17  BANK18  BANK19  BANK20  BANK21  BANK22  BANK23  BANK24  BANK25  BANK26  BANK27  BANK28  BANK29  BANK30  BANK3
      +1  BANK32  BANK33  BANK34  BANK35  BANK36  BANK37
   179 ;;      Params:         0       0       0       0       0       0       0       0       0       0       0       0       
      +0       0       0       0       0       0       0       0       0       0       0       0       0       0       0       
      +0       0       0       0       0       0       0
   180 ;;      Locals:         0       0       0       0       0       0       0       0       0       0       0       0       
      +0       0       0       0       0       0       0       0       0       0       0       0       0       0       0       
      +0       0       0       0       0       0       0
   181 ;;      Temps:          0       0       0       0       0       0       0       0       0       0       0       0       
      +0       0       0       0       0       0       0       0       0       0       0       0       0       0       0       
      +0       0       0       0       0       0       0
   182 ;;      Totals:         0       0       0       0       0       0       0       0       0       0       0       0       
      +0       0       0       0       0       0       0       0       0       0       0       0       0       0       0       
      +0       0       0       0       0       0       0
   183 ;;Total ram usage:        0 bytes
   184 ;; Hardware stack levels required when called:    1
   185 ;; This function calls:
   186 ;;		_ClockSetup
   187 ;;		_GpioSetup
   188 ;;		_SysTickSetup
   189 ;;		_SystemSleep
   190 ;;		_TimeXus
   191 ;;		_UserAppInitialize
   192 ;;		_UserAppRun
   193 ;; This function is called by:
   194 ;;		Startup code after reset
   195 ;; This function uses a non-reentrant model
   196 ;;
   197                           
   198                           	psect	text0
   199  01FFBC                     __ptext0:
   200                           	callstack 0
   201  01FFBC                     _main:
   202                           	callstack 127
   203  01FFBC                     
   204                           ;main.c: 37:   G_u32SystemFlags |= (u32)0x80000000;
   205  01FFBC  8E04               	bsf	(_G_u32SystemFlags+3)^(0+1280),7,c	;volatile
   206  01FFBE                     
   207                           ;main.c: 40:   ClockSetup();
   208  01FFBE  EC76  F0FF         	call	_ClockSetup	;wreg free
   209  01FFC2                     
   210                           ;main.c: 41:   SysTickSetup();
   211  01FFC2  EC98  F0FF         	call	_SysTickSetup	;wreg free
   212  01FFC6                     
   213                           ;main.c: 42:   GpioSetup();
   214  01FFC6  EC84  F0FF         	call	_GpioSetup	;wreg free
   215  01FFCA                     
   216                           ;main.c: 47:   UserAppInitialize();
   217  01FFCA  EC8E  F0FF         	call	_UserAppInitialize	;wreg free
   218  01FFCE                     l836:
   219                           
   220                           ;main.c: 52:   {;main.c: 56:     UserAppRun();
   221  01FFCE  ECC2  F0FF         	call	_UserAppRun	;wreg free
   222  01FFD2                     
   223                           ;main.c: 59:     (LATA &= 0X7F);
   224  01FFD2  9EBE               	bcf	190,7,c	;volatile
   225  01FFD4                     
   226                           ;main.c: 60:     SystemSleep();
   227  01FFD4  EC77  F0FF         	call	_SystemSleep	;wreg free
   228  01FFD8                     
   229                           ;main.c: 62:     TimeXus(0x03E8);
   230  01FFD8  0E03               	movlw	3
   231  01FFDA  6E16               	movwf	(TimeXus@User_Input+1)^(0+1280),c
   232  01FFDC  0EE8               	movlw	232
   233  01FFDE  6E15               	movwf	TimeXus@User_Input^(0+1280),c
   234  01FFE0  EC7B  F0FF         	call	_TimeXus	;wreg free
   235  01FFE4                     l83:
   236                           
   237                           ;main.c: 64:     while(PIR3bits.TMR0IF!=1)
   238  01FFE4  AEB1               	btfss	177,7,c	;volatile
   239  01FFE6  EFF7  F0FF         	goto	u41
   240  01FFEA  EFF9  F0FF         	goto	u40
   241  01FFEE                     u41:
   242  01FFEE  EFF2  F0FF         	goto	l83
   243  01FFF2                     u40:
   244  01FFF2                     
   245                           ;main.c: 68:     (LATA |= 0X80);
   246  01FFF2  8EBE               	bsf	190,7,c	;volatile
   247  01FFF4  EFE7  F0FF         	goto	l836
   248  01FFF8  EFFE  F0FF         	goto	start
   249  01FFFC                     __end_of_main:
   250                           	callstack 0
   251                           
   252 ;; *************** function _UserAppRun *****************
   253 ;; Defined at:
   254 ;;		line 99 in file "user_app.c"
   255 ;; Parameters:    Size  Location     Type
   256 ;;		None
   257 ;; Auto vars:     Size  Location     Type
   258 ;;		None
   259 ;; Return value:  Size  Location     Type
   260 ;;                  1    wreg      void 
   261 ;; Registers used:
   262 ;;		wreg, fsr2l, fsr2h, status,2, status,0
   263 ;; Tracked objects:
   264 ;;		On entry : 0/0
   265 ;;		On exit  : 0/0
   266 ;;		Unchanged: 0/0
   267 ;; Data sizes:     COMRAM   BANK5   BANK6   BANK7   BANK8   BANK9  BANK10  BANK11  BANK12  BANK13  BANK14  BANK15  BANK1
      +6  BANK17  BANK18  BANK19  BANK20  BANK21  BANK22  BANK23  BANK24  BANK25  BANK26  BANK27  BANK28  BANK29  BANK30  BANK3
      +1  BANK32  BANK33  BANK34  BANK35  BANK36  BANK37
   268 ;;      Params:         0       0       0       0       0       0       0       0       0       0       0       0       
      +0       0       0       0       0       0       0       0       0       0       0       0       0       0       0       
      +0       0       0       0       0       0       0
   269 ;;      Locals:         0       0       0       0       0       0       0       0       0       0       0       0       
      +0       0       0       0       0       0       0       0       0       0       0       0       0       0       0       
      +0       0       0       0       0       0       0
   270 ;;      Temps:          0       0       0       0       0       0       0       0       0       0       0       0       
      +0       0       0       0       0       0       0       0       0       0       0       0       0       0       0       
      +0       0       0       0       0       0       0
   271 ;;      Totals:         0       0       0       0       0       0       0       0       0       0       0       0       
      +0       0       0       0       0       0       0       0       0       0       0       0       0       0       0       
      +0       0       0       0       0       0       0
   272 ;;Total ram usage:        0 bytes
   273 ;; Hardware stack levels used:    1
   274 ;; This function calls:
   275 ;;		Nothing
   276 ;; This function is called by:
   277 ;;		_main
   278 ;; This function uses a non-reentrant model
   279 ;;
   280                           
   281                           	psect	text1
   282  01FF84                     __ptext1:
   283                           	callstack 0
   284  01FF84                     _UserAppRun:
   285                           	callstack 127
   286  01FF84                     
   287                           ;user_app.c: 101:     if(PIR3bits.TMR0IF==1)
   288  01FF84  AEB1               	btfss	177,7,c	;volatile
   289  01FF86  EFC7  F0FF         	goto	u11
   290  01FF8A  EFC9  F0FF         	goto	u10
   291  01FF8E                     u11:
   292  01FF8E  EFD2  F0FF         	goto	l776
   293  01FF92                     u10:
   294  01FF92                     
   295                           ;user_app.c: 102:     {;user_app.c: 103:         LATA = au8Pattern[Counter];
   296  01FF92  0E0F               	movlw	low _au8Pattern
   297  01FF94  240D               	addwf	_Counter^(0+1280),w,c
   298  01FF96  6ED9               	movwf	fsr2l,c
   299  01FF98  6ADA               	clrf	fsr2h,c
   300  01FF9A  0E05               	movlw	high _au8Pattern
   301  01FF9C  22DA               	addwfc	fsr2h,f,c
   302  01FF9E  50DF               	movf	indf2,w,c
   303  01FFA0  6EBE               	movwf	190,c	;volatile
   304  01FFA2                     
   305                           ;user_app.c: 104:         Counter++;
   306  01FFA2  2A0D               	incf	_Counter^(0+1280),f,c
   307  01FFA4                     l776:
   308                           
   309                           ;user_app.c: 106:     if (Counter == 0x06)
   310  01FFA4  0E06               	movlw	6
   311  01FFA6  180D               	xorwf	_Counter^(0+1280),w,c
   312  01FFA8  A4D8               	btfss	status,2,c
   313  01FFAA  EFD9  F0FF         	goto	u21
   314  01FFAE  EFDB  F0FF         	goto	u20
   315  01FFB2                     u21:
   316  01FFB2  EFDD  F0FF         	goto	l50
   317  01FFB6                     u20:
   318  01FFB6                     
   319                           ;user_app.c: 107:     {;user_app.c: 108:         Counter = 0x00;
   320  01FFB6  0E00               	movlw	0
   321  01FFB8  6E0D               	movwf	_Counter^(0+1280),c
   322  01FFBA                     l50:
   323  01FFBA  0012               	return		;funcret
   324  01FFBC                     __end_of_UserAppRun:
   325                           	callstack 0
   326                           
   327 ;; *************** function _UserAppInitialize *****************
   328 ;; Defined at:
   329 ;;		line 77 in file "user_app.c"
   330 ;; Parameters:    Size  Location     Type
   331 ;;		None
   332 ;; Auto vars:     Size  Location     Type
   333 ;;		None
   334 ;; Return value:  Size  Location     Type
   335 ;;                  1    wreg      void 
   336 ;; Registers used:
   337 ;;		wreg, status,2
   338 ;; Tracked objects:
   339 ;;		On entry : 0/0
   340 ;;		On exit  : 0/0
   341 ;;		Unchanged: 0/0
   342 ;; Data sizes:     COMRAM   BANK5   BANK6   BANK7   BANK8   BANK9  BANK10  BANK11  BANK12  BANK13  BANK14  BANK15  BANK1
      +6  BANK17  BANK18  BANK19  BANK20  BANK21  BANK22  BANK23  BANK24  BANK25  BANK26  BANK27  BANK28  BANK29  BANK30  BANK3
      +1  BANK32  BANK33  BANK34  BANK35  BANK36  BANK37
   343 ;;      Params:         0       0       0       0       0       0       0       0       0       0       0       0       
      +0       0       0       0       0       0       0       0       0       0       0       0       0       0       0       
      +0       0       0       0       0       0       0
   344 ;;      Locals:         0       0       0       0       0       0       0       0       0       0       0       0       
      +0       0       0       0       0       0       0       0       0       0       0       0       0       0       0       
      +0       0       0       0       0       0       0
   345 ;;      Temps:          0       0       0       0       0       0       0       0       0       0       0       0       
      +0       0       0       0       0       0       0       0       0       0       0       0       0       0       0       
      +0       0       0       0       0       0       0
   346 ;;      Totals:         0       0       0       0       0       0       0       0       0       0       0       0       
      +0       0       0       0       0       0       0       0       0       0       0       0       0       0       0       
      +0       0       0       0       0       0       0
   347 ;;Total ram usage:        0 bytes
   348 ;; Hardware stack levels used:    1
   349 ;; This function calls:
   350 ;;		Nothing
   351 ;; This function is called by:
   352 ;;		_main
   353 ;; This function uses a non-reentrant model
   354 ;;
   355                           
   356                           	psect	text2
   357  01FF1C                     __ptext2:
   358                           	callstack 0
   359  01FF1C                     _UserAppInitialize:
   360                           	callstack 127
   361  01FF1C                     
   362                           ;user_app.c: 80:     T0CON0 = 0x90;
   363  01FF1C  0E90               	movlw	144
   364  01FF1E  0103               	movlb	3	; () banked
   365  01FF20  6F1A               	movwf	26,b	;volatile
   366                           
   367                           ;user_app.c: 81:     T0CON1 = 0x44;
   368  01FF22  0E44               	movlw	68
   369  01FF24  6F1B               	movwf	27,b	;volatile
   370                           
   371                           ;user_app.c: 82:     TMR0H = 0x00;
   372  01FF26  0E00               	movlw	0
   373  01FF28  6F19               	movwf	25,b	;volatile
   374                           
   375                           ;user_app.c: 83:     TMR0L = 0x00;
   376  01FF2A  0E00               	movlw	0
   377  01FF2C  6F18               	movwf	24,b	;volatile
   378  01FF2E                     
   379                           ; BSR set to: 3
   380  01FF2E  0012               	return		;funcret
   381  01FF30                     __end_of_UserAppInitialize:
   382                           	callstack 0
   383                           
   384 ;; *************** function _TimeXus *****************
   385 ;; Defined at:
   386 ;;		line 111 in file "user_app.c"
   387 ;; Parameters:    Size  Location     Type
   388 ;;  User_Input      2    0[COMRAM] unsigned short 
   389 ;; Auto vars:     Size  Location     Type
   390 ;;  timer_end       2    0        unsigned short 
   391 ;; Return value:  Size  Location     Type
   392 ;;                  1    wreg      void 
   393 ;; Registers used:
   394 ;;		wreg, status,2, status,0
   395 ;; Tracked objects:
   396 ;;		On entry : 0/0
   397 ;;		On exit  : 0/0
   398 ;;		Unchanged: 0/0
   399 ;; Data sizes:     COMRAM   BANK5   BANK6   BANK7   BANK8   BANK9  BANK10  BANK11  BANK12  BANK13  BANK14  BANK15  BANK1
      +6  BANK17  BANK18  BANK19  BANK20  BANK21  BANK22  BANK23  BANK24  BANK25  BANK26  BANK27  BANK28  BANK29  BANK30  BANK3
      +1  BANK32  BANK33  BANK34  BANK35  BANK36  BANK37
   400 ;;      Params:         2       0       0       0       0       0       0       0       0       0       0       0       
      +0       0       0       0       0       0       0       0       0       0       0       0       0       0       0       
      +0       0       0       0       0       0       0
   401 ;;      Locals:         2       0       0       0       0       0       0       0       0       0       0       0       
      +0       0       0       0       0       0       0       0       0       0       0       0       0       0       0       
      +0       0       0       0       0       0       0
   402 ;;      Temps:          0       0       0       0       0       0       0       0       0       0       0       0       
      +0       0       0       0       0       0       0       0       0       0       0       0       0       0       0       
      +0       0       0       0       0       0       0
   403 ;;      Totals:         4       0       0       0       0       0       0       0       0       0       0       0       
      +0       0       0       0       0       0       0       0       0       0       0       0       0       0       0       
      +0       0       0       0       0       0       0
   404 ;;Total ram usage:        4 bytes
   405 ;; Hardware stack levels used:    1
   406 ;; This function calls:
   407 ;;		Nothing
   408 ;; This function is called by:
   409 ;;		_main
   410 ;; This function uses a non-reentrant model
   411 ;;
   412                           
   413                           	psect	text3
   414  01FEF6                     __ptext3:
   415                           	callstack 0
   416  01FEF6                     _TimeXus:
   417                           	callstack 127
   418  01FEF6                     
   419                           ;user_app.c: 113:     T0CON0 &= 0X7F;
   420  01FEF6  0103               	movlb	3	; () banked
   421  01FEF8  9F1A               	bcf	26,7,b	;volatile
   422  01FEFA                     
   423                           ; BSR set to: 3
   424                           ;user_app.c: 117:     TMR0L = (u8) (timer_end & 0x0000);
   425  01FEFA  0E00               	movlw	0
   426  01FEFC  6F18               	movwf	24,b	;volatile
   427  01FEFE                     
   428                           ; BSR set to: 3
   429                           ;user_app.c: 118:     TMR0H = (u8) ((timer_end >> 8)&0x0000);
   430  01FEFE  0E00               	movlw	0
   431  01FF00  6F19               	movwf	25,b	;volatile
   432  01FF02                     
   433                           ; BSR set to: 3
   434                           ;user_app.c: 120:     PIR3bits.TMR0IF = 0x00;
   435  01FF02  9EB1               	bcf	177,7,c	;volatile
   436  01FF04                     
   437                           ; BSR set to: 3
   438                           ;user_app.c: 121:     T0CON0 |= 0X80;
   439  01FF04  8F1A               	bsf	26,7,b	;volatile
   440  01FF06                     
   441                           ; BSR set to: 3
   442  01FF06  0012               	return		;funcret
   443  01FF08                     __end_of_TimeXus:
   444                           	callstack 0
   445                           
   446 ;; *************** function _SystemSleep *****************
   447 ;; Defined at:
   448 ;;		line 133 in file "encm369_pic18.c"
   449 ;; Parameters:    Size  Location     Type
   450 ;;		None
   451 ;; Auto vars:     Size  Location     Type
   452 ;;		None
   453 ;; Return value:  Size  Location     Type
   454 ;;                  1    wreg      void 
   455 ;; Registers used:
   456 ;;		None
   457 ;; Tracked objects:
   458 ;;		On entry : 0/0
   459 ;;		On exit  : 0/0
   460 ;;		Unchanged: 0/0
   461 ;; Data sizes:     COMRAM   BANK5   BANK6   BANK7   BANK8   BANK9  BANK10  BANK11  BANK12  BANK13  BANK14  BANK15  BANK1
      +6  BANK17  BANK18  BANK19  BANK20  BANK21  BANK22  BANK23  BANK24  BANK25  BANK26  BANK27  BANK28  BANK29  BANK30  BANK3
      +1  BANK32  BANK33  BANK34  BANK35  BANK36  BANK37
   462 ;;      Params:         0       0       0       0       0       0       0       0       0       0       0       0       
      +0       0       0       0       0       0       0       0       0       0       0       0       0       0       0       
      +0       0       0       0       0       0       0
   463 ;;      Locals:         0       0       0       0       0       0       0       0       0       0       0       0       
      +0       0       0       0       0       0       0       0       0       0       0       0       0       0       0       
      +0       0       0       0       0       0       0
   464 ;;      Temps:          0       0       0       0       0       0       0       0       0       0       0       0       
      +0       0       0       0       0       0       0       0       0       0       0       0       0       0       0       
      +0       0       0       0       0       0       0
   465 ;;      Totals:         0       0       0       0       0       0       0       0       0       0       0       0       
      +0       0       0       0       0       0       0       0       0       0       0       0       0       0       0       
      +0       0       0       0       0       0       0
   466 ;;Total ram usage:        0 bytes
   467 ;; Hardware stack levels used:    1
   468 ;; This function calls:
   469 ;;		Nothing
   470 ;; This function is called by:
   471 ;;		_main
   472 ;; This function uses a non-reentrant model
   473 ;;
   474                           
   475                           	psect	text4
   476  01FEEE                     __ptext4:
   477                           	callstack 0
   478  01FEEE                     _SystemSleep:
   479                           	callstack 127
   480  01FEEE  0012               	return		;funcret
   481  01FEF0                     __end_of_SystemSleep:
   482                           	callstack 0
   483                           
   484 ;; *************** function _SysTickSetup *****************
   485 ;; Defined at:
   486 ;;		line 111 in file "encm369_pic18.c"
   487 ;; Parameters:    Size  Location     Type
   488 ;;		None
   489 ;; Auto vars:     Size  Location     Type
   490 ;;		None
   491 ;; Return value:  Size  Location     Type
   492 ;;                  1    wreg      void 
   493 ;; Registers used:
   494 ;;		wreg, status,2
   495 ;; Tracked objects:
   496 ;;		On entry : 0/0
   497 ;;		On exit  : 0/0
   498 ;;		Unchanged: 0/0
   499 ;; Data sizes:     COMRAM   BANK5   BANK6   BANK7   BANK8   BANK9  BANK10  BANK11  BANK12  BANK13  BANK14  BANK15  BANK1
      +6  BANK17  BANK18  BANK19  BANK20  BANK21  BANK22  BANK23  BANK24  BANK25  BANK26  BANK27  BANK28  BANK29  BANK30  BANK3
      +1  BANK32  BANK33  BANK34  BANK35  BANK36  BANK37
   500 ;;      Params:         0       0       0       0       0       0       0       0       0       0       0       0       
      +0       0       0       0       0       0       0       0       0       0       0       0       0       0       0       
      +0       0       0       0       0       0       0
   501 ;;      Locals:         0       0       0       0       0       0       0       0       0       0       0       0       
      +0       0       0       0       0       0       0       0       0       0       0       0       0       0       0       
      +0       0       0       0       0       0       0
   502 ;;      Temps:          0       0       0       0       0       0       0       0       0       0       0       0       
      +0       0       0       0       0       0       0       0       0       0       0       0       0       0       0       
      +0       0       0       0       0       0       0
   503 ;;      Totals:         0       0       0       0       0       0       0       0       0       0       0       0       
      +0       0       0       0       0       0       0       0       0       0       0       0       0       0       0       
      +0       0       0       0       0       0       0
   504 ;;Total ram usage:        0 bytes
   505 ;; Hardware stack levels used:    1
   506 ;; This function calls:
   507 ;;		Nothing
   508 ;; This function is called by:
   509 ;;		_main
   510 ;; This function uses a non-reentrant model
   511 ;;
   512                           
   513                           	psect	text5
   514  01FF30                     __ptext5:
   515                           	callstack 0
   516  01FF30                     _SysTickSetup:
   517                           	callstack 127
   518  01FF30                     
   519                           ;encm369_pic18.c: 113:   G_u32SystemTime1ms = 0;
   520  01FF30  0E00               	movlw	0
   521  01FF32  6E09               	movwf	_G_u32SystemTime1ms^(0+1280),c	;volatile
   522  01FF34  0E00               	movlw	0
   523  01FF36  6E0A               	movwf	(_G_u32SystemTime1ms+1)^(0+1280),c	;volatile
   524  01FF38  0E00               	movlw	0
   525  01FF3A  6E0B               	movwf	(_G_u32SystemTime1ms+2)^(0+1280),c	;volatile
   526  01FF3C  0E00               	movlw	0
   527  01FF3E  6E0C               	movwf	(_G_u32SystemTime1ms+3)^(0+1280),c	;volatile
   528                           
   529                           ;encm369_pic18.c: 114:   G_u32SystemTime1s = 0;
   530  01FF40  0E00               	movlw	0
   531  01FF42  6E05               	movwf	_G_u32SystemTime1s^(0+1280),c	;volatile
   532  01FF44  0E00               	movlw	0
   533  01FF46  6E06               	movwf	(_G_u32SystemTime1s+1)^(0+1280),c	;volatile
   534  01FF48  0E00               	movlw	0
   535  01FF4A  6E07               	movwf	(_G_u32SystemTime1s+2)^(0+1280),c	;volatile
   536  01FF4C  0E00               	movlw	0
   537  01FF4E  6E08               	movwf	(_G_u32SystemTime1s+3)^(0+1280),c	;volatile
   538  01FF50  0012               	return		;funcret
   539  01FF52                     __end_of_SysTickSetup:
   540                           	callstack 0
   541                           
   542 ;; *************** function _GpioSetup *****************
   543 ;; Defined at:
   544 ;;		line 89 in file "encm369_pic18.c"
   545 ;; Parameters:    Size  Location     Type
   546 ;;		None
   547 ;; Auto vars:     Size  Location     Type
   548 ;;		None
   549 ;; Return value:  Size  Location     Type
   550 ;;                  1    wreg      void 
   551 ;; Registers used:
   552 ;;		wreg, status,2
   553 ;; Tracked objects:
   554 ;;		On entry : 0/0
   555 ;;		On exit  : 0/0
   556 ;;		Unchanged: 0/0
   557 ;; Data sizes:     COMRAM   BANK5   BANK6   BANK7   BANK8   BANK9  BANK10  BANK11  BANK12  BANK13  BANK14  BANK15  BANK1
      +6  BANK17  BANK18  BANK19  BANK20  BANK21  BANK22  BANK23  BANK24  BANK25  BANK26  BANK27  BANK28  BANK29  BANK30  BANK3
      +1  BANK32  BANK33  BANK34  BANK35  BANK36  BANK37
   558 ;;      Params:         0       0       0       0       0       0       0       0       0       0       0       0       
      +0       0       0       0       0       0       0       0       0       0       0       0       0       0       0       
      +0       0       0       0       0       0       0
   559 ;;      Locals:         0       0       0       0       0       0       0       0       0       0       0       0       
      +0       0       0       0       0       0       0       0       0       0       0       0       0       0       0       
      +0       0       0       0       0       0       0
   560 ;;      Temps:          0       0       0       0       0       0       0       0       0       0       0       0       
      +0       0       0       0       0       0       0       0       0       0       0       0       0       0       0       
      +0       0       0       0       0       0       0
   561 ;;      Totals:         0       0       0       0       0       0       0       0       0       0       0       0       
      +0       0       0       0       0       0       0       0       0       0       0       0       0       0       0       
      +0       0       0       0       0       0       0
   562 ;;Total ram usage:        0 bytes
   563 ;; Hardware stack levels used:    1
   564 ;; This function calls:
   565 ;;		Nothing
   566 ;; This function is called by:
   567 ;;		_main
   568 ;; This function uses a non-reentrant model
   569 ;;
   570                           
   571                           	psect	text6
   572  01FF08                     __ptext6:
   573                           	callstack 0
   574  01FF08                     _GpioSetup:
   575                           	callstack 127
   576  01FF08                     
   577                           ;encm369_pic18.c: 91:     PORTA = 0x00;
   578  01FF08  0E00               	movlw	0
   579  01FF0A  6ECE               	movwf	206,c	;volatile
   580                           
   581                           ;encm369_pic18.c: 92:     ANSELA = 0x00;
   582  01FF0C  0E00               	movlw	0
   583  01FF0E  0104               	movlb	4	; () banked
   584  01FF10  6F00               	movwf	0,b	;volatile
   585                           
   586                           ;encm369_pic18.c: 93:     TRISA = 0x00;
   587  01FF12  0E00               	movlw	0
   588  01FF14  6EC6               	movwf	198,c	;volatile
   589                           
   590                           ;encm369_pic18.c: 94:     LATA = 0x80;
   591  01FF16  0E80               	movlw	128
   592  01FF18  6EBE               	movwf	190,c	;volatile
   593  01FF1A                     
   594                           ; BSR set to: 4
   595  01FF1A  0012               	return		;funcret
   596  01FF1C                     __end_of_GpioSetup:
   597                           	callstack 0
   598                           
   599 ;; *************** function _ClockSetup *****************
   600 ;; Defined at:
   601 ;;		line 70 in file "encm369_pic18.c"
   602 ;; Parameters:    Size  Location     Type
   603 ;;		None
   604 ;; Auto vars:     Size  Location     Type
   605 ;;		None
   606 ;; Return value:  Size  Location     Type
   607 ;;                  1    wreg      void 
   608 ;; Registers used:
   609 ;;		None
   610 ;; Tracked objects:
   611 ;;		On entry : 0/0
   612 ;;		On exit  : 0/0
   613 ;;		Unchanged: 0/0
   614 ;; Data sizes:     COMRAM   BANK5   BANK6   BANK7   BANK8   BANK9  BANK10  BANK11  BANK12  BANK13  BANK14  BANK15  BANK1
      +6  BANK17  BANK18  BANK19  BANK20  BANK21  BANK22  BANK23  BANK24  BANK25  BANK26  BANK27  BANK28  BANK29  BANK30  BANK3
      +1  BANK32  BANK33  BANK34  BANK35  BANK36  BANK37
   615 ;;      Params:         0       0       0       0       0       0       0       0       0       0       0       0       
      +0       0       0       0       0       0       0       0       0       0       0       0       0       0       0       
      +0       0       0       0       0       0       0
   616 ;;      Locals:         0       0       0       0       0       0       0       0       0       0       0       0       
      +0       0       0       0       0       0       0       0       0       0       0       0       0       0       0       
      +0       0       0       0       0       0       0
   617 ;;      Temps:          0       0       0       0       0       0       0       0       0       0       0       0       
      +0       0       0       0       0       0       0       0       0       0       0       0       0       0       0       
      +0       0       0       0       0       0       0
   618 ;;      Totals:         0       0       0       0       0       0       0       0       0       0       0       0       
      +0       0       0       0       0       0       0       0       0       0       0       0       0       0       0       
      +0       0       0       0       0       0       0
   619 ;;Total ram usage:        0 bytes
   620 ;; Hardware stack levels used:    1
   621 ;; This function calls:
   622 ;;		Nothing
   623 ;; This function is called by:
   624 ;;		_main
   625 ;; This function uses a non-reentrant model
   626 ;;
   627                           
   628                           	psect	text7
   629  01FEEC                     __ptext7:
   630                           	callstack 0
   631  01FEEC                     _ClockSetup:
   632                           	callstack 127
   633  01FEEC  0012               	return		;funcret
   634  01FEEE                     __end_of_ClockSetup:
   635                           	callstack 0
   636  0000                     
   637                           	psect	rparam
   638  0000                     
   639                           	psect	idloc
   640                           
   641                           ;Config register IDLOC0 @ 0x200000
   642                           ;	unspecified, using default values
   643  200000                     	org	2097152
   644  200000  0FFF               	dw	4095
   645                           
   646                           ;Config register IDLOC1 @ 0x200002
   647                           ;	unspecified, using default values
   648  200002                     	org	2097154
   649  200002  0FFF               	dw	4095
   650                           
   651                           ;Config register IDLOC2 @ 0x200004
   652                           ;	unspecified, using default values
   653  200004                     	org	2097156
   654  200004  0FFF               	dw	4095
   655                           
   656                           ;Config register IDLOC3 @ 0x200006
   657                           ;	unspecified, using default values
   658  200006                     	org	2097158
   659  200006  0FFF               	dw	4095
   660                           
   661                           ;Config register IDLOC4 @ 0x200008
   662                           ;	unspecified, using default values
   663  200008                     	org	2097160
   664  200008  0FFF               	dw	4095
   665                           
   666                           ;Config register IDLOC5 @ 0x20000A
   667                           ;	unspecified, using default values
   668  20000A                     	org	2097162
   669  20000A  0FFF               	dw	4095
   670                           
   671                           ;Config register IDLOC6 @ 0x20000C
   672                           ;	unspecified, using default values
   673  20000C                     	org	2097164
   674  20000C  0FFF               	dw	4095
   675                           
   676                           ;Config register IDLOC7 @ 0x20000E
   677                           ;	unspecified, using default values
   678  20000E                     	org	2097166
   679  20000E  0FFF               	dw	4095
   680                           
   681                           ;Config register IDLOC8 @ 0x200010
   682                           ;	unspecified, using default values
   683  200010                     	org	2097168
   684  200010  0FFF               	dw	4095
   685                           
   686                           ;Config register IDLOC9 @ 0x200012
   687                           ;	unspecified, using default values
   688  200012                     	org	2097170
   689  200012  0FFF               	dw	4095
   690                           
   691                           ;Config register IDLOC10 @ 0x200014
   692                           ;	unspecified, using default values
   693  200014                     	org	2097172
   694  200014  0FFF               	dw	4095
   695                           
   696                           ;Config register IDLOC11 @ 0x200016
   697                           ;	unspecified, using default values
   698  200016                     	org	2097174
   699  200016  0FFF               	dw	4095
   700                           
   701                           ;Config register IDLOC12 @ 0x200018
   702                           ;	unspecified, using default values
   703  200018                     	org	2097176
   704  200018  0FFF               	dw	4095
   705                           
   706                           ;Config register IDLOC13 @ 0x20001A
   707                           ;	unspecified, using default values
   708  20001A                     	org	2097178
   709  20001A  0FFF               	dw	4095
   710                           
   711                           ;Config register IDLOC14 @ 0x20001C
   712                           ;	unspecified, using default values
   713  20001C                     	org	2097180
   714  20001C  0FFF               	dw	4095
   715                           
   716                           ;Config register IDLOC15 @ 0x20001E
   717                           ;	unspecified, using default values
   718  20001E                     	org	2097182
   719  20001E  0FFF               	dw	4095
   720                           
   721                           	psect	config
   722                           
   723                           ;Config register CONFIG1 @ 0x300000
   724                           ;	External Oscillator Selection
   725                           ;	FEXTOSC = OFF, Oscillator not enabled
   726                           ;	Reset Oscillator Selection
   727                           ;	RSTOSC = HFINTOSC_64MHZ, HFINTOSC with HFFRQ = 64 MHz and CDIV = 1:1
   728  300000                     	org	3145728
   729  300000  8C                 	db	140
   730                           
   731                           ;Config register CONFIG2 @ 0x300001
   732                           ;	Clock out Enable bit
   733                           ;	CLKOUTEN = ON, CLKOUT function is enabled
   734                           ;	PRLOCKED One-Way Set Enable bit
   735                           ;	PR1WAY = ON, PRLOCKED bit can be cleared and set only once
   736                           ;	Clock Switch Enable bit
   737                           ;	CSWEN = ON, Writing to NOSC and NDIV is allowed
   738                           ;	Fail-Safe Clock Monitor Enable bit
   739                           ;	FCMEN = ON, Fail-Safe Clock Monitor enabled
   740  300001                     	org	3145729
   741  300001  FE                 	db	254
   742                           
   743                           ;Config register CONFIG3 @ 0x300002
   744                           ;	MCLR Enable bit
   745                           ;	MCLRE = EXTMCLR, If LVP = 0, MCLR pin is MCLR; If LVP = 1, RE3 pin function is MCLR
   746                           ;	Power-up timer selection bits
   747                           ;	PWRTS = PWRT_OFF, PWRT is disabled
   748                           ;	Multi-vector enable bit
   749                           ;	MVECEN = ON, Multi-vector enabled, Vector table used for interrupts
   750                           ;	IVTLOCK bit One-way set enable bit
   751                           ;	IVT1WAY = ON, IVTLOCKED bit can be cleared and set only once
   752                           ;	Low Power BOR Enable bit
   753                           ;	LPBOREN = OFF, Low-Power BOR disabled
   754                           ;	Brown-out Reset Enable bits
   755                           ;	BOREN = SBORDIS, Brown-out Reset enabled , SBOREN bit is ignored
   756  300002                     	org	3145730
   757  300002  FF                 	db	255
   758                           
   759                           ;Config register CONFIG4 @ 0x300003
   760                           ;	Brown-out Reset Voltage Selection bits
   761                           ;	BORV = VBOR_2P85, Brown-out Reset Voltage (VBOR) set to 2.8V
   762                           ;	ZCD Disable bit
   763                           ;	ZCD = OFF, ZCD module is disabled. ZCD can be enabled by setting the ZCDSEN bit of ZCD
      +                          CON
   764                           ;	PPSLOCK bit One-Way Set Enable bit
   765                           ;	PPS1WAY = ON, PPSLOCKED bit can be cleared and set only once; PPS registers remain loc
      +                          ked after one clear/set cycle
   766                           ;	Stack Full/Underflow Reset Enable bit
   767                           ;	STVREN = ON, Stack full/underflow will cause Reset
   768                           ;	Low Voltage Programming Enable bit
   769                           ;	LVP = ON, Low voltage programming enabled. MCLR/VPP pin function is MCLR. MCLRE config
      +                          uration bit is ignored
   770                           ;	Extended Instruction Set Enable bit
   771                           ;	XINST = OFF, Extended Instruction Set and Indexed Addressing Mode disabled
   772  300003                     	org	3145731
   773  300003  FC                 	db	252
   774                           
   775                           ;Config register CONFIG5 @ 0x300004
   776                           ;	WDT Period selection bits
   777                           ;	WDTCPS = WDTCPS_31, Divider ratio 1:65536; software control of WDTPS
   778                           ;	WDT operating mode
   779                           ;	WDTE = OFF, WDT Disabled; SWDTEN is ignored
   780  300004                     	org	3145732
   781  300004  9F                 	db	159
   782                           
   783                           ;Config register CONFIG6 @ 0x300005
   784                           ;	WDT Window Select bits
   785                           ;	WDTCWS = WDTCWS_7, window always open (100%); software control; keyed access not requi
      +                          red
   786                           ;	WDT input clock selector
   787                           ;	WDTCCS = SC, Software Control
   788  300005                     	org	3145733
   789  300005  FF                 	db	255
   790                           
   791                           ;Config register CONFIG7 @ 0x300006
   792                           ;	Boot Block Size selection bits
   793                           ;	BBSIZE = BBSIZE_512, Boot Block size is 512 words
   794                           ;	Boot Block enable bit
   795                           ;	BBEN = OFF, Boot block disabled
   796                           ;	Storage Area Flash enable bit
   797                           ;	SAFEN = OFF, SAF disabled
   798                           ;	Background Debugger
   799                           ;	DEBUG = OFF, Background Debugger disabled
   800  300006                     	org	3145734
   801  300006  FF                 	db	255
   802                           
   803                           ;Config register CONFIG8 @ 0x300007
   804                           ;	Boot Block Write Protection bit
   805                           ;	WRTB = OFF, Boot Block not Write protected
   806                           ;	Configuration Register Write Protection bit
   807                           ;	WRTC = OFF, Configuration registers not Write protected
   808                           ;	Data EEPROM Write Protection bit
   809                           ;	WRTD = OFF, Data EEPROM not Write protected
   810                           ;	SAF Write protection bit
   811                           ;	WRTSAF = OFF, SAF not Write Protected
   812                           ;	Application Block write protection bit
   813                           ;	WRTAPP = OFF, Application Block not write protected
   814  300007                     	org	3145735
   815  300007  FF                 	db	255
   816                           
   817                           ; Padding undefined space
   818  300008                     	org	3145736
   819  300008  FF                 	db	255
   820                           
   821                           ;Config register CONFIG10 @ 0x300009
   822                           ;	PFM and Data EEPROM Code Protection bit
   823                           ;	CP = OFF, PFM and Data EEPROM code protection disabled
   824  300009                     	org	3145737
   825  300009  FF                 	db	255
   826                           tosu	equ	0x4FF
   827                           tosh	equ	0x4FE
   828                           tosl	equ	0x4FD
   829                           stkptr	equ	0x4FC
   830                           pclatu	equ	0x4FB
   831                           pclath	equ	0x4FA
   832                           pcl	equ	0x4F9
   833                           tblptru	equ	0x4F8
   834                           tblptrh	equ	0x4F7
   835                           tblptrl	equ	0x4F6
   836                           tablat	equ	0x4F5
   837                           prodh	equ	0x4F4
   838                           prodl	equ	0x4F3
   839                           indf0	equ	0x4EF
   840                           postinc0	equ	0x4EE
   841                           postdec0	equ	0x4ED
   842                           preinc0	equ	0x4EC
   843                           plusw0	equ	0x4EB
   844                           fsr0h	equ	0x4EA
   845                           fsr0l	equ	0x4E9
   846                           wreg	equ	0x4E8
   847                           indf1	equ	0x4E7
   848                           postinc1	equ	0x4E6
   849                           postdec1	equ	0x4E5
   850                           preinc1	equ	0x4E4
   851                           plusw1	equ	0x4E3
   852                           fsr1h	equ	0x4E2
   853                           fsr1l	equ	0x4E1
   854                           bsr	equ	0x4E0
   855                           indf2	equ	0x4DF
   856                           postinc2	equ	0x4DE
   857                           postdec2	equ	0x4DD
   858                           preinc2	equ	0x4DC
   859                           plusw2	equ	0x4DB
   860                           fsr2h	equ	0x4DA
   861                           fsr2l	equ	0x4D9
   862                           status	equ	0x4D8

Data Sizes:
    Strings     0
    Constant    0
    Data        6
    BSS         14
    Persistent  0
    Stack       0

Auto Spaces:
    Space          Size  Autos    Used
    COMRAM           95      4      24
    BANK5           160      0       0
    BANK6           256      0       0
    BANK7           256      0       0
    BANK8           256      0       0
    BANK9           256      0       0
    BANK10          256      0       0
    BANK11          256      0       0
    BANK12          256      0       0
    BANK13          256      0       0
    BANK14          256      0       0
    BANK15          256      0       0
    BANK16          256      0       0
    BANK17          256      0       0
    BANK18          256      0       0
    BANK19          256      0       0
    BANK20          256      0       0
    BANK21          256      0       0
    BANK22          256      0       0
    BANK23          256      0       0
    BANK24          256      0       0
    BANK25          256      0       0
    BANK26          256      0       0
    BANK27          256      0       0
    BANK28          256      0       0
    BANK29          256      0       0
    BANK30          256      0       0
    BANK31          256      0       0
    BANK32          256      0       0
    BANK33          256      0       0
    BANK34          256      0       0
    BANK35          256      0       0
    BANK36          256      0       0
    BANK37          256      0       0

Pointer List with Targets:

    None.

Critical Paths under _main in COMRAM

    _main->_TimeXus

Critical Paths under _main in BANK5

    None.

Critical Paths under _main in BANK6

    None.

Critical Paths under _main in BANK7

    None.

Critical Paths under _main in BANK8

    None.

Critical Paths under _main in BANK9

    None.

Critical Paths under _main in BANK10

    None.

Critical Paths under _main in BANK11

    None.

Critical Paths under _main in BANK12

    None.

Critical Paths under _main in BANK13

    None.

Critical Paths under _main in BANK14

    None.

Critical Paths under _main in BANK15

    None.

Critical Paths under _main in BANK16

    None.

Critical Paths under _main in BANK17

    None.

Critical Paths under _main in BANK18

    None.

Critical Paths under _main in BANK19

    None.

Critical Paths under _main in BANK20

    None.

Critical Paths under _main in BANK21

    None.

Critical Paths under _main in BANK22

    None.

Critical Paths under _main in BANK23

    None.

Critical Paths under _main in BANK24

    None.

Critical Paths under _main in BANK25

    None.

Critical Paths under _main in BANK26

    None.

Critical Paths under _main in BANK27

    None.

Critical Paths under _main in BANK28

    None.

Critical Paths under _main in BANK29

    None.

Critical Paths under _main in BANK30

    None.

Critical Paths under _main in BANK31

    None.

Critical Paths under _main in BANK32

    None.

Critical Paths under _main in BANK33

    None.

Critical Paths under _main in BANK34

    None.

Critical Paths under _main in BANK35

    None.

Critical Paths under _main in BANK36

    None.

Critical Paths under _main in BANK37

    None.

Call Graph Tables:

 ---------------------------------------------------------------------------------
 (Depth) Function   	        Calls       Base Space   Used Autos Params    Refs
 ---------------------------------------------------------------------------------
 (0) _main                                                 0     0      0      99
                         _ClockSetup
                          _GpioSetup
                       _SysTickSetup
                        _SystemSleep
                            _TimeXus
                  _UserAppInitialize
                         _UserAppRun
 ---------------------------------------------------------------------------------
 (1) _UserAppRun                                           0     0      0       0
 ---------------------------------------------------------------------------------
 (1) _UserAppInitialize                                    0     0      0       0
 ---------------------------------------------------------------------------------
 (1) _TimeXus                                              4     2      2      99
                                              0 COMRAM     4     2      2
 ---------------------------------------------------------------------------------
 (1) _SystemSleep                                          0     0      0       0
 ---------------------------------------------------------------------------------
 (1) _SysTickSetup                                         0     0      0       0
 ---------------------------------------------------------------------------------
 (1) _GpioSetup                                            0     0      0       0
 ---------------------------------------------------------------------------------
 (1) _ClockSetup                                           0     0      0       0
 ---------------------------------------------------------------------------------
 Estimated maximum stack depth 1
 ---------------------------------------------------------------------------------

 Call Graph Graphs:

 _main (ROOT)
   _ClockSetup
   _GpioSetup
   _SysTickSetup
   _SystemSleep
   _TimeXus
   _UserAppInitialize
   _UserAppRun

 Address spaces:
Name               Size   Autos  Total    Cost      Usage
BIGRAM            20FF      0       0      71        0.0%
EEDATA             400      0       0       0        0.0%
BITBANK37          100      0       0      70        0.0%
BANK37             100      0       0      68        0.0%
BITBANK36          100      0       0      66        0.0%
BANK36             100      0       0      67        0.0%
BITBANK35          100      0       0      64        0.0%
BANK35             100      0       0      65        0.0%
BITBANK34          100      0       0      62        0.0%
BANK34             100      0       0      63        0.0%
BITBANK33          100      0       0      60        0.0%
BANK33             100      0       0      61        0.0%
BITBANK32          100      0       0      58        0.0%
BANK32             100      0       0      59        0.0%
BITBANK31          100      0       0      56        0.0%
BANK31             100      0       0      57        0.0%
BITBANK30          100      0       0      54        0.0%
BANK30             100      0       0      55        0.0%
BITBANK29          100      0       0      52        0.0%
BANK29             100      0       0      53        0.0%
BITBANK28          100      0       0      50        0.0%
BANK28             100      0       0      51        0.0%
BITBANK27          100      0       0      48        0.0%
BANK27             100      0       0      49        0.0%
BITBANK26          100      0       0      46        0.0%
BANK26             100      0       0      47        0.0%
BITBANK25          100      0       0      44        0.0%
BANK25             100      0       0      45        0.0%
BITBANK24          100      0       0      42        0.0%
BANK24             100      0       0      43        0.0%
BITBANK23          100      0       0      40        0.0%
BANK23             100      0       0      41        0.0%
BITBANK22          100      0       0      38        0.0%
BANK22             100      0       0      39        0.0%
BITBANK21          100      0       0      36        0.0%
BANK21             100      0       0      37        0.0%
BITBANK20          100      0       0      34        0.0%
BANK20             100      0       0      35        0.0%
BITBANK19          100      0       0      32        0.0%
BANK19             100      0       0      33        0.0%
BITBANK18          100      0       0      30        0.0%
BANK18             100      0       0      31        0.0%
BITBANK17          100      0       0      28        0.0%
BANK17             100      0       0      29        0.0%
BITBANK16          100      0       0      26        0.0%
BANK16             100      0       0      27        0.0%
BITBANK15          100      0       0      24        0.0%
BANK15             100      0       0      25        0.0%
BITBANK14          100      0       0      22        0.0%
BANK14             100      0       0      23        0.0%
BITBANK13          100      0       0      20        0.0%
BANK13             100      0       0      21        0.0%
BITBANK12          100      0       0      18        0.0%
BANK12             100      0       0      19        0.0%
BITBANK11          100      0       0      16        0.0%
BANK11             100      0       0      17        0.0%
BITBANK10          100      0       0      14        0.0%
BANK10             100      0       0      15        0.0%
BITBANK9           100      0       0      12        0.0%
BANK9              100      0       0      13        0.0%
BITBANK8           100      0       0      10        0.0%
BANK8              100      0       0      11        0.0%
BITBANK7           100      0       0       8        0.0%
BANK7              100      0       0       9        0.0%
BITBANK6           100      0       0       6        0.0%
BANK6              100      0       0       7        0.0%
BITBANK5            A0      0       0       4        0.0%
BANK5               A0      0       0       5        0.0%
BITCOMRAM           5F      0       0       0        0.0%
COMRAM              5F      4      18       1       25.3%
BITSFR_5             0      0       0     200        0.0%
SFR_5                0      0       0     200        0.0%
BITSFR_4             0      0       0     200        0.0%
SFR_4                0      0       0     200        0.0%
BITSFR_3             0      0       0     200        0.0%
SFR_3                0      0       0     200        0.0%
BITSFR_2             0      0       0     200        0.0%
SFR_2                0      0       0     200        0.0%
BITSFR_1             0      0       0     200        0.0%
SFR_1                0      0       0     200        0.0%
BITSFR               0      0       0     200        0.0%
SFR                  0      0       0     200        0.0%
STACK                0      0       0       2        0.0%
NULL                 0      0       0       0        0.0%
ABS                  0      0      18      69        0.0%
DATA                 0      0      18       3        0.0%
CODE                 0      0       0       0        0.0%


Microchip Technology PIC18 Macro Assembler V2.31 build 20201012212115 
Symbol Table                                                                                   Thu Mar 04 09:00:43 2021

     __size_of_SysTickSetup 0022                          l21 FF50                          l15 FEEC  
                        l24 FEEE                          l18 FF1A                          l50 FFBA  
                        l53 FF06                          l45 FF2E                          l83 FFE4  
                        u10 FF92                          u11 FF8E                          u20 FFB6  
                        u21 FFB2                          u40 FFF2                          u41 FFEE  
                       l812 FF30                         l820 FEFE                         l822 FF02  
                       l814 FEF6                         l830 FFC2                         l824 FF04  
                       l816 FEFA                         l840 FFD4                         l832 FFC6  
                       l818 FEFA                         l770 FF84                         l842 FFD8  
                       l834 FFCA                         l826 FFBC                         l764 FF08  
                       l772 FF92                         l844 FFF2                         l836 FFCE  
                       l828 FFBE                         l774 FFA2                         l838 FFD2  
                       l768 FF1C                         l776 FFA4                         l778 FFB6  
                       wreg 0004E8                        _LATA 0004BE                        _main FFBC  
              _SysTickSetup FF30                        indf2 0004DF                        fsr1l 0004E1  
                      fsr2l 0004D9                        start FFFC        __size_of_SystemSleep 0002  
              ___param_bank 000000                  _ClockSetup FEEC             __end_of_TimeXus FF08  
                     ?_main 0515                       _TMR0H 000319                       _TMR0L 000318  
                     _PORTA 0004CE                       _TRISA 0004C6                       tablat 0004F5  
                     status 0004D8             __initialization FF52                __end_of_main FFFC  
                    ??_main 0519               __activetblptr 000000                      _ANSELA 000400  
                    _T0CON0 00031A                      _T0CON1 00031B          __size_of_GpioSetup 0014  
                 ??_TimeXus 0517                 ?_ClockSetup 0515                      clear_0 FF78  
              __pdataCOMRAM 050F                      tblptrh 0004F7                      tblptrl 0004F6  
                    tblptru 0004F8                  _au8Pattern 050F                  _UserAppRun FF84  
                __accesstop 0560     __end_of__initialization FF7E               ___rparam_used 000001  
          _G_u8UserAppFlags 050E              __pcstackCOMRAM 0515           __end_of_GpioSetup FF1C  
       __size_of_ClockSetup 0002                 ?_UserAppRun 0515               ??_SystemSleep 0515  
                   _Counter 050D                     __Hparam 0000                     __Lparam 0000  
                   _TimeXus FEF6                     __pcinit FF52                     __ramtop 2600  
                   __ptext0 FFBC                     __ptext1 FF84                     __ptext2 FF1C  
                   __ptext3 FEF6                     __ptext4 FEEE                     __ptext5 FF30  
                   __ptext6 FF08                     __ptext7 FEEC        end_of_initialization FF7E  
          _G_u32SystemFlags 0501                     postdec1 0004E5                     postinc0 0004EE  
       __end_of_SystemSleep FEF0                ??_ClockSetup 0515         __size_of_UserAppRun 0038  
        __end_of_ClockSetup FEEE               __pidataCOMRAM FEF0                   _GpioSetup FF08  
       start_initialization FF52               ?_SysTickSetup 0515                 _SystemSleep FEEE  
         TimeXus@User_Input 0515                  ?_GpioSetup 0515                 __pbssCOMRAM 0501  
         _UserAppInitialize FF1C                ??_UserAppRun 0515          ?_UserAppInitialize 0515  
            ??_SysTickSetup 0515         ??_UserAppInitialize 0515                    ?_TimeXus 0515  
        __end_of_UserAppRun FFBC   __end_of_UserAppInitialize FF30                    _PIR3bits 0004B1  
               ??_GpioSetup 0515                   copy_data0 FF66                    __Hrparam 0000  
                  __Lrparam 0000            __size_of_TimeXus 0012        __end_of_SysTickSetup FF52  
__size_of_UserAppInitialize 0014               __size_of_main 0040                ?_SystemSleep 0515  
        _G_u32SystemTime1ms 0509           _G_u32SystemTime1s 0505  
