

Microchip MPLAB XC8 Assembler V2.31 build 20201012212115 
                                                                                               Fri Feb 19 09:54:51 2021

Microchip MPLAB XC8 C Compiler v2.31 (Free license) build 20201012212115 Og1 
     1                           	processor	18F27Q43
     2                           	fnconf	rparam,??,?,0
     3                           	pagewidth 120
     4                           	opt	flic
     5                           	psect	cinit,global,reloc=2,class=CODE,delta=1
     6                           	psect	bssCOMRAM,global,class=COMRAM,space=1,delta=1,lowdata,noexec
     7                           	psect	cstackCOMRAM,global,class=COMRAM,space=1,delta=1,lowdata,noexec
     8                           	psect	text0,global,reloc=2,class=CODE,delta=1
     9                           	psect	text1,global,reloc=2,class=CODE,delta=1
    10                           	psect	text2,global,reloc=2,class=CODE,delta=1
    11                           	psect	text3,global,reloc=2,class=CODE,delta=1
    12                           	psect	text4,global,reloc=2,class=CODE,delta=1
    13                           	psect	text5,global,reloc=2,class=CODE,delta=1
    14                           	psect	text6,global,reloc=2,class=CODE,delta=1
    15                           	psect	intsave_regs,global,class=BIGRAM,space=1,delta=1,noexec
    16                           	psect	rparam,global,class=COMRAM,space=1,delta=1,noexec
    17                           	psect	idloc,global,abs,ovrld,class=IDLOC,space=5,delta=1,noexec
    18                           	psect	config,global,abs,ovrld,class=CONFIG,space=4,delta=1,noexec
    19  0000                     
    20                           ; Version 2.30
    21                           ; Generated 20/08/2020 GMT
    22                           ; 
    23                           ; Copyright © 2020, Microchip Technology Inc. and its subsidiaries ("Microchip")
    24                           ; All rights reserved.
    25                           ; 
    26                           ; This software is developed by Microchip Technology Inc. and its subsidiaries ("Microch
      +                          ip").
    27                           ; 
    28                           ; Redistribution and use in source and binary forms, with or without modification, are
    29                           ; permitted provided that the following conditions are met:
    30                           ; 
    31                           ;     1. Redistributions of source code must retain the above copyright notice, this lis
      +                          t of
    32                           ;        conditions and the following disclaimer.
    33                           ; 
    34                           ;     2. Redistributions in binary form must reproduce the above copyright notice, this 
      +                          list
    35                           ;        of conditions and the following disclaimer in the documentation and/or other
    36                           ;        materials provided with the distribution. Publication is not required when
    37                           ;        this file is used in an embedded application.
    38                           ; 
    39                           ;     3. Microchip's name may not be used to endorse or promote products derived from th
      +                          is
    40                           ;        software without specific prior written permission.
    41                           ; 
    42                           ; THIS SOFTWARE IS PROVIDED BY MICROCHIP "AS IS" AND ANY EXPRESS OR IMPLIED WARRANTIES,
    43                           ; INCLUDING, BUT NOT LIMITED TO, THE IMPLIED WARRANTIES OF MERCHANTABILITY AND FITNESS F
      +                          OR
    44                           ; PURPOSE ARE DISCLAIMED.  IN NO EVENT SHALL MICROCHIP BE LIABLE FOR ANY DIRECT, INDIREC
      +                          T,
    45                           ; INCIDENTAL, SPECIAL, EXEMPLARY, OR CONSEQUENTIAL DAMAGES (INCLUDING BUT NOT LIMITED TO
    46                           ; PROCUREMENT OF SUBSTITUTE GOODS OR SERVICES; LOSS OF USE, DATA OR PROFITS; OR BUSINESS
    47                           ; INTERRUPTION) HOWSOEVER CAUSED AND ON ANY THEORY OF LIABILITY, WHETHER IN CONTRACT, ST
      +                          RICT
    48                           ; LIABILITY, OR TORT (INCLUDING NEGLIGENCE OR OTHERWISE) ARISING IN ANY WAY OUT OF THE U
      +                          SE OF
    49                           ; THIS SOFTWARE, EVEN IF ADVISED OF THE POSSIBILITY OF SUCH DAMAGE.
    50                           ; 
    51                           ; 
    52                           ; Code-generator required, PIC18F27Q43 Definitions
    53                           ; 
    54                           ; SFR Addresses
    55  0000                     _ANSELA	set	1024
    56  0000                     _TRISB	set	1223
    57  0000                     _TRISA	set	1222
    58  0000                     _PORTA	set	1230
    59  0000                     _LATA	set	1214
    60  0000                     _PORTB	set	1231
    61                           
    62                           ; #config settings
    63                           
    64                           	psect	cinit
    65  01FF76                     __pcinit:
    66                           	callstack 0
    67  01FF76                     start_initialization:
    68                           	callstack 0
    69  01FF76                     __initialization:
    70                           	callstack 0
    71                           
    72                           ; Clear objects allocated to COMRAM (13 bytes)
    73  01FF76  EE01  F101         	lfsr	0,__pbssCOMRAM
    74  01FF7A  0E0D               	movlw	13
    75  01FF7C                     clear_0:
    76  01FF7C  6AEE               	clrf	postinc0,c
    77  01FF7E  06E8               	decf	wreg,f,c
    78  01FF80  E1FD               	bnz	clear_0
    79  01FF82                     end_of_initialization:
    80                           	callstack 0
    81  01FF82                     __end_of__initialization:
    82                           	callstack 0
    83  01FF82  0100               	movlb	0
    84  01FF84  EFED  F0FF         	goto	_main	;jump to C main() function
    85                           
    86                           	psect	bssCOMRAM
    87  000501                     __pbssCOMRAM:
    88                           	callstack 0
    89  000501                     _G_u32SystemFlags:
    90                           	callstack 0
    91  000501                     	ds	4
    92  000505                     _G_u32SystemTime1s:
    93                           	callstack 0
    94  000505                     	ds	4
    95  000509                     _G_u32SystemTime1ms:
    96                           	callstack 0
    97  000509                     	ds	4
    98  00050D                     _G_u8UserAppFlags:
    99                           	callstack 0
   100  00050D                     	ds	1
   101                           
   102                           	psect	cstackCOMRAM
   103  000000                     __pcstackCOMRAM:
   104                           	callstack 0
   105  000000                     
   106                           ; 1 bytes @ 0x0
   107 ;;
   108 ;;Main: autosize = 0, tempsize = 0, incstack = 0, save=0
   109 ;;
   110 ;; *************** function _main *****************
   111 ;; Defined at:
   112 ;;		line 35 in file "main.c"
   113 ;; Parameters:    Size  Location     Type
   114 ;;		None
   115 ;; Auto vars:     Size  Location     Type
   116 ;;		None
   117 ;; Return value:  Size  Location     Type
   118 ;;                  1    wreg      void 
   119 ;; Registers used:
   120 ;;		wreg, status,2, status,0, cstack
   121 ;; Tracked objects:
   122 ;;		On entry : 0/0
   123 ;;		On exit  : 0/0
   124 ;;		Unchanged: 0/0
   125 ;; Data sizes:     COMRAM   BANK5   BANK6   BANK7   BANK8   BANK9  BANK10  BANK11  BANK12  BANK13  BANK14  BANK15  BANK1
      +6  BANK17  BANK18  BANK19  BANK20  BANK21  BANK22  BANK23  BANK24  BANK25  BANK26  BANK27  BANK28  BANK29  BANK30  BANK3
      +1  BANK32  BANK33  BANK34  BANK35  BANK36  BANK37
   126 ;;      Params:         0       0       0       0       0       0       0       0       0       0       0       0       
      +0       0       0       0       0       0       0       0       0       0       0       0       0       0       0       
      +0       0       0       0       0       0       0
   127 ;;      Locals:         0       0       0       0       0       0       0       0       0       0       0       0       
      +0       0       0       0       0       0       0       0       0       0       0       0       0       0       0       
      +0       0       0       0       0       0       0
   128 ;;      Temps:          0       0       0       0       0       0       0       0       0       0       0       0       
      +0       0       0       0       0       0       0       0       0       0       0       0       0       0       0       
      +0       0       0       0       0       0       0
   129 ;;      Totals:         0       0       0       0       0       0       0       0       0       0       0       0       
      +0       0       0       0       0       0       0       0       0       0       0       0       0       0       0       
      +0       0       0       0       0       0       0
   130 ;;Total ram usage:        0 bytes
   131 ;; Hardware stack levels required when called:    1
   132 ;; This function calls:
   133 ;;		_ClockSetup
   134 ;;		_GpioSetup
   135 ;;		_SysTickSetup
   136 ;;		_SystemSleep
   137 ;;		_UserAppInitialize
   138 ;;		_UserAppRun
   139 ;; This function is called by:
   140 ;;		Startup code after reset
   141 ;; This function uses a non-reentrant model
   142 ;;
   143                           
   144                           	psect	text0
   145  01FFDA                     __ptext0:
   146                           	callstack 0
   147  01FFDA                     _main:
   148                           	callstack 127
   149  01FFDA                     
   150                           ;main.c: 37:   G_u32SystemFlags |= (u32)0x80000000;
   151  01FFDA  8E04               	bsf	(_G_u32SystemFlags+3)^(0+1280),7,c	;volatile
   152  01FFDC                     
   153                           ;main.c: 40:   ClockSetup();
   154  01FFDC  ECB8  F0FF         	call	_ClockSetup	;wreg free
   155  01FFE0                     
   156                           ;main.c: 41:   SysTickSetup();
   157  01FFE0  ECDC  F0FF         	call	_SysTickSetup	;wreg free
   158  01FFE4                     
   159                           ;main.c: 42:   GpioSetup();
   160  01FFE4  ECC4  F0FF         	call	_GpioSetup	;wreg free
   161  01FFE8                     
   162                           ;main.c: 47:   UserAppInitialize();
   163  01FFE8  ECBA  F0FF         	call	_UserAppInitialize	;wreg free
   164  01FFEC                     l759:
   165                           
   166                           ;main.c: 53:   {;main.c: 57:     UserAppRun();
   167  01FFEC  ECD0  F0FF         	call	_UserAppRun	;wreg free
   168  01FFF0                     
   169                           ;main.c: 62:     SystemSleep();
   170  01FFF0  ECB9  F0FF         	call	_SystemSleep	;wreg free
   171  01FFF4  EFF6  F0FF         	goto	l759
   172  01FFF8  EFFE  F0FF         	goto	start
   173  01FFFC                     __end_of_main:
   174                           	callstack 0
   175                           
   176 ;; *************** function _UserAppRun *****************
   177 ;; Defined at:
   178 ;;		line 95 in file "user_app.c"
   179 ;; Parameters:    Size  Location     Type
   180 ;;		None
   181 ;; Auto vars:     Size  Location     Type
   182 ;;		None
   183 ;; Return value:  Size  Location     Type
   184 ;;                  1    wreg      void 
   185 ;; Registers used:
   186 ;;		wreg, status,2, status,0
   187 ;; Tracked objects:
   188 ;;		On entry : 0/0
   189 ;;		On exit  : 0/0
   190 ;;		Unchanged: 0/0
   191 ;; Data sizes:     COMRAM   BANK5   BANK6   BANK7   BANK8   BANK9  BANK10  BANK11  BANK12  BANK13  BANK14  BANK15  BANK1
      +6  BANK17  BANK18  BANK19  BANK20  BANK21  BANK22  BANK23  BANK24  BANK25  BANK26  BANK27  BANK28  BANK29  BANK30  BANK3
      +1  BANK32  BANK33  BANK34  BANK35  BANK36  BANK37
   192 ;;      Params:         0       0       0       0       0       0       0       0       0       0       0       0       
      +0       0       0       0       0       0       0       0       0       0       0       0       0       0       0       
      +0       0       0       0       0       0       0
   193 ;;      Locals:         0       0       0       0       0       0       0       0       0       0       0       0       
      +0       0       0       0       0       0       0       0       0       0       0       0       0       0       0       
      +0       0       0       0       0       0       0
   194 ;;      Temps:          0       0       0       0       0       0       0       0       0       0       0       0       
      +0       0       0       0       0       0       0       0       0       0       0       0       0       0       0       
      +0       0       0       0       0       0       0
   195 ;;      Totals:         0       0       0       0       0       0       0       0       0       0       0       0       
      +0       0       0       0       0       0       0       0       0       0       0       0       0       0       0       
      +0       0       0       0       0       0       0
   196 ;;Total ram usage:        0 bytes
   197 ;; Hardware stack levels used:    1
   198 ;; This function calls:
   199 ;;		Nothing
   200 ;; This function is called by:
   201 ;;		_main
   202 ;; This function uses a non-reentrant model
   203 ;;
   204                           
   205                           	psect	text1
   206  01FFA0                     __ptext1:
   207                           	callstack 0
   208  01FFA0                     _UserAppRun:
   209                           	callstack 127
   210  01FFA0                     
   211                           ;user_app.c: 98:         if(0x30 == (PORTB & 0x30))
   212  01FFA0  50CF               	movf	207,w,c	;volatile
   213  01FFA2  0B30               	andlw	48
   214  01FFA4  0A30               	xorlw	48
   215  01FFA6  A4D8               	btfss	status,2,c
   216  01FFA8  EFD8  F0FF         	goto	u11
   217  01FFAC  EFDA  F0FF         	goto	u10
   218  01FFB0                     u11:
   219  01FFB0  EFDB  F0FF         	goto	l13
   220  01FFB4                     u10:
   221  01FFB4                     
   222                           ;user_app.c: 99:         {;user_app.c: 100:             LATA ++;
   223  01FFB4  2ABE               	incf	190,f,c	;volatile
   224  01FFB6                     l13:
   225  01FFB6  0012               	return		;funcret
   226  01FFB8                     __end_of_UserAppRun:
   227                           	callstack 0
   228                           
   229 ;; *************** function _UserAppInitialize *****************
   230 ;; Defined at:
   231 ;;		line 76 in file "user_app.c"
   232 ;; Parameters:    Size  Location     Type
   233 ;;		None
   234 ;; Auto vars:     Size  Location     Type
   235 ;;		None
   236 ;; Return value:  Size  Location     Type
   237 ;;                  1    wreg      void 
   238 ;; Registers used:
   239 ;;		None
   240 ;; Tracked objects:
   241 ;;		On entry : 0/0
   242 ;;		On exit  : 0/0
   243 ;;		Unchanged: 0/0
   244 ;; Data sizes:     COMRAM   BANK5   BANK6   BANK7   BANK8   BANK9  BANK10  BANK11  BANK12  BANK13  BANK14  BANK15  BANK1
      +6  BANK17  BANK18  BANK19  BANK20  BANK21  BANK22  BANK23  BANK24  BANK25  BANK26  BANK27  BANK28  BANK29  BANK30  BANK3
      +1  BANK32  BANK33  BANK34  BANK35  BANK36  BANK37
   245 ;;      Params:         0       0       0       0       0       0       0       0       0       0       0       0       
      +0       0       0       0       0       0       0       0       0       0       0       0       0       0       0       
      +0       0       0       0       0       0       0
   246 ;;      Locals:         0       0       0       0       0       0       0       0       0       0       0       0       
      +0       0       0       0       0       0       0       0       0       0       0       0       0       0       0       
      +0       0       0       0       0       0       0
   247 ;;      Temps:          0       0       0       0       0       0       0       0       0       0       0       0       
      +0       0       0       0       0       0       0       0       0       0       0       0       0       0       0       
      +0       0       0       0       0       0       0
   248 ;;      Totals:         0       0       0       0       0       0       0       0       0       0       0       0       
      +0       0       0       0       0       0       0       0       0       0       0       0       0       0       0       
      +0       0       0       0       0       0       0
   249 ;;Total ram usage:        0 bytes
   250 ;; Hardware stack levels used:    1
   251 ;; This function calls:
   252 ;;		Nothing
   253 ;; This function is called by:
   254 ;;		_main
   255 ;; This function uses a non-reentrant model
   256 ;;
   257                           
   258                           	psect	text2
   259  01FF74                     __ptext2:
   260                           	callstack 0
   261  01FF74                     _UserAppInitialize:
   262                           	callstack 127
   263  01FF74  0012               	return		;funcret
   264  01FF76                     __end_of_UserAppInitialize:
   265                           	callstack 0
   266                           
   267 ;; *************** function _SystemSleep *****************
   268 ;; Defined at:
   269 ;;		line 134 in file "encm369_pic18.c"
   270 ;; Parameters:    Size  Location     Type
   271 ;;		None
   272 ;; Auto vars:     Size  Location     Type
   273 ;;		None
   274 ;; Return value:  Size  Location     Type
   275 ;;                  1    wreg      void 
   276 ;; Registers used:
   277 ;;		None
   278 ;; Tracked objects:
   279 ;;		On entry : 0/0
   280 ;;		On exit  : 0/0
   281 ;;		Unchanged: 0/0
   282 ;; Data sizes:     COMRAM   BANK5   BANK6   BANK7   BANK8   BANK9  BANK10  BANK11  BANK12  BANK13  BANK14  BANK15  BANK1
      +6  BANK17  BANK18  BANK19  BANK20  BANK21  BANK22  BANK23  BANK24  BANK25  BANK26  BANK27  BANK28  BANK29  BANK30  BANK3
      +1  BANK32  BANK33  BANK34  BANK35  BANK36  BANK37
   283 ;;      Params:         0       0       0       0       0       0       0       0       0       0       0       0       
      +0       0       0       0       0       0       0       0       0       0       0       0       0       0       0       
      +0       0       0       0       0       0       0
   284 ;;      Locals:         0       0       0       0       0       0       0       0       0       0       0       0       
      +0       0       0       0       0       0       0       0       0       0       0       0       0       0       0       
      +0       0       0       0       0       0       0
   285 ;;      Temps:          0       0       0       0       0       0       0       0       0       0       0       0       
      +0       0       0       0       0       0       0       0       0       0       0       0       0       0       0       
      +0       0       0       0       0       0       0
   286 ;;      Totals:         0       0       0       0       0       0       0       0       0       0       0       0       
      +0       0       0       0       0       0       0       0       0       0       0       0       0       0       0       
      +0       0       0       0       0       0       0
   287 ;;Total ram usage:        0 bytes
   288 ;; Hardware stack levels used:    1
   289 ;; This function calls:
   290 ;;		Nothing
   291 ;; This function is called by:
   292 ;;		_main
   293 ;; This function uses a non-reentrant model
   294 ;;
   295                           
   296                           	psect	text3
   297  01FF72                     __ptext3:
   298                           	callstack 0
   299  01FF72                     _SystemSleep:
   300                           	callstack 127
   301  01FF72  0012               	return		;funcret
   302  01FF74                     __end_of_SystemSleep:
   303                           	callstack 0
   304                           
   305 ;; *************** function _SysTickSetup *****************
   306 ;; Defined at:
   307 ;;		line 112 in file "encm369_pic18.c"
   308 ;; Parameters:    Size  Location     Type
   309 ;;		None
   310 ;; Auto vars:     Size  Location     Type
   311 ;;		None
   312 ;; Return value:  Size  Location     Type
   313 ;;                  1    wreg      void 
   314 ;; Registers used:
   315 ;;		wreg, status,2
   316 ;; Tracked objects:
   317 ;;		On entry : 0/0
   318 ;;		On exit  : 0/0
   319 ;;		Unchanged: 0/0
   320 ;; Data sizes:     COMRAM   BANK5   BANK6   BANK7   BANK8   BANK9  BANK10  BANK11  BANK12  BANK13  BANK14  BANK15  BANK1
      +6  BANK17  BANK18  BANK19  BANK20  BANK21  BANK22  BANK23  BANK24  BANK25  BANK26  BANK27  BANK28  BANK29  BANK30  BANK3
      +1  BANK32  BANK33  BANK34  BANK35  BANK36  BANK37
   321 ;;      Params:         0       0       0       0       0       0       0       0       0       0       0       0       
      +0       0       0       0       0       0       0       0       0       0       0       0       0       0       0       
      +0       0       0       0       0       0       0
   322 ;;      Locals:         0       0       0       0       0       0       0       0       0       0       0       0       
      +0       0       0       0       0       0       0       0       0       0       0       0       0       0       0       
      +0       0       0       0       0       0       0
   323 ;;      Temps:          0       0       0       0       0       0       0       0       0       0       0       0       
      +0       0       0       0       0       0       0       0       0       0       0       0       0       0       0       
      +0       0       0       0       0       0       0
   324 ;;      Totals:         0       0       0       0       0       0       0       0       0       0       0       0       
      +0       0       0       0       0       0       0       0       0       0       0       0       0       0       0       
      +0       0       0       0       0       0       0
   325 ;;Total ram usage:        0 bytes
   326 ;; Hardware stack levels used:    1
   327 ;; This function calls:
   328 ;;		Nothing
   329 ;; This function is called by:
   330 ;;		_main
   331 ;; This function uses a non-reentrant model
   332 ;;
   333                           
   334                           	psect	text4
   335  01FFB8                     __ptext4:
   336                           	callstack 0
   337  01FFB8                     _SysTickSetup:
   338                           	callstack 127
   339  01FFB8                     
   340                           ;encm369_pic18.c: 114:   G_u32SystemTime1ms = 0;
   341  01FFB8  0E00               	movlw	0
   342  01FFBA  6E09               	movwf	_G_u32SystemTime1ms^(0+1280),c	;volatile
   343  01FFBC  0E00               	movlw	0
   344  01FFBE  6E0A               	movwf	(_G_u32SystemTime1ms+1)^(0+1280),c	;volatile
   345  01FFC0  0E00               	movlw	0
   346  01FFC2  6E0B               	movwf	(_G_u32SystemTime1ms+2)^(0+1280),c	;volatile
   347  01FFC4  0E00               	movlw	0
   348  01FFC6  6E0C               	movwf	(_G_u32SystemTime1ms+3)^(0+1280),c	;volatile
   349                           
   350                           ;encm369_pic18.c: 115:   G_u32SystemTime1s = 0;
   351  01FFC8  0E00               	movlw	0
   352  01FFCA  6E05               	movwf	_G_u32SystemTime1s^(0+1280),c	;volatile
   353  01FFCC  0E00               	movlw	0
   354  01FFCE  6E06               	movwf	(_G_u32SystemTime1s+1)^(0+1280),c	;volatile
   355  01FFD0  0E00               	movlw	0
   356  01FFD2  6E07               	movwf	(_G_u32SystemTime1s+2)^(0+1280),c	;volatile
   357  01FFD4  0E00               	movlw	0
   358  01FFD6  6E08               	movwf	(_G_u32SystemTime1s+3)^(0+1280),c	;volatile
   359  01FFD8  0012               	return		;funcret
   360  01FFDA                     __end_of_SysTickSetup:
   361                           	callstack 0
   362                           
   363 ;; *************** function _GpioSetup *****************
   364 ;; Defined at:
   365 ;;		line 89 in file "encm369_pic18.c"
   366 ;; Parameters:    Size  Location     Type
   367 ;;		None
   368 ;; Auto vars:     Size  Location     Type
   369 ;;		None
   370 ;; Return value:  Size  Location     Type
   371 ;;                  1    wreg      void 
   372 ;; Registers used:
   373 ;;		wreg, status,2
   374 ;; Tracked objects:
   375 ;;		On entry : 0/0
   376 ;;		On exit  : 0/0
   377 ;;		Unchanged: 0/0
   378 ;; Data sizes:     COMRAM   BANK5   BANK6   BANK7   BANK8   BANK9  BANK10  BANK11  BANK12  BANK13  BANK14  BANK15  BANK1
      +6  BANK17  BANK18  BANK19  BANK20  BANK21  BANK22  BANK23  BANK24  BANK25  BANK26  BANK27  BANK28  BANK29  BANK30  BANK3
      +1  BANK32  BANK33  BANK34  BANK35  BANK36  BANK37
   379 ;;      Params:         0       0       0       0       0       0       0       0       0       0       0       0       
      +0       0       0       0       0       0       0       0       0       0       0       0       0       0       0       
      +0       0       0       0       0       0       0
   380 ;;      Locals:         0       0       0       0       0       0       0       0       0       0       0       0       
      +0       0       0       0       0       0       0       0       0       0       0       0       0       0       0       
      +0       0       0       0       0       0       0
   381 ;;      Temps:          0       0       0       0       0       0       0       0       0       0       0       0       
      +0       0       0       0       0       0       0       0       0       0       0       0       0       0       0       
      +0       0       0       0       0       0       0
   382 ;;      Totals:         0       0       0       0       0       0       0       0       0       0       0       0       
      +0       0       0       0       0       0       0       0       0       0       0       0       0       0       0       
      +0       0       0       0       0       0       0
   383 ;;Total ram usage:        0 bytes
   384 ;; Hardware stack levels used:    1
   385 ;; This function calls:
   386 ;;		Nothing
   387 ;; This function is called by:
   388 ;;		_main
   389 ;; This function uses a non-reentrant model
   390 ;;
   391                           
   392                           	psect	text5
   393  01FF88                     __ptext5:
   394                           	callstack 0
   395  01FF88                     _GpioSetup:
   396                           	callstack 127
   397  01FF88                     
   398                           ;encm369_pic18.c: 91:     PORTA = 0x00;
   399  01FF88  0E00               	movlw	0
   400  01FF8A  6ECE               	movwf	206,c	;volatile
   401                           
   402                           ;encm369_pic18.c: 92:     ANSELA = 0x00;
   403  01FF8C  0E00               	movlw	0
   404  01FF8E  0104               	movlb	4	; () banked
   405  01FF90  6F00               	movwf	0,b	;volatile
   406                           
   407                           ;encm369_pic18.c: 93:     TRISA = 0x00;
   408  01FF92  0E00               	movlw	0
   409  01FF94  6EC6               	movwf	198,c	;volatile
   410                           
   411                           ;encm369_pic18.c: 94:     LATA = 0x80;
   412  01FF96  0E80               	movlw	128
   413  01FF98  6EBE               	movwf	190,c	;volatile
   414                           
   415                           ;encm369_pic18.c: 95:     TRISB = 0X30;
   416  01FF9A  0E30               	movlw	48
   417  01FF9C  6EC7               	movwf	199,c	;volatile
   418  01FF9E                     
   419                           ; BSR set to: 4
   420  01FF9E  0012               	return		;funcret
   421  01FFA0                     __end_of_GpioSetup:
   422                           	callstack 0
   423                           
   424 ;; *************** function _ClockSetup *****************
   425 ;; Defined at:
   426 ;;		line 70 in file "encm369_pic18.c"
   427 ;; Parameters:    Size  Location     Type
   428 ;;		None
   429 ;; Auto vars:     Size  Location     Type
   430 ;;		None
   431 ;; Return value:  Size  Location     Type
   432 ;;                  1    wreg      void 
   433 ;; Registers used:
   434 ;;		None
   435 ;; Tracked objects:
   436 ;;		On entry : 0/0
   437 ;;		On exit  : 0/0
   438 ;;		Unchanged: 0/0
   439 ;; Data sizes:     COMRAM   BANK5   BANK6   BANK7   BANK8   BANK9  BANK10  BANK11  BANK12  BANK13  BANK14  BANK15  BANK1
      +6  BANK17  BANK18  BANK19  BANK20  BANK21  BANK22  BANK23  BANK24  BANK25  BANK26  BANK27  BANK28  BANK29  BANK30  BANK3
      +1  BANK32  BANK33  BANK34  BANK35  BANK36  BANK37
   440 ;;      Params:         0       0       0       0       0       0       0       0       0       0       0       0       
      +0       0       0       0       0       0       0       0       0       0       0       0       0       0       0       
      +0       0       0       0       0       0       0
   441 ;;      Locals:         0       0       0       0       0       0       0       0       0       0       0       0       
      +0       0       0       0       0       0       0       0       0       0       0       0       0       0       0       
      +0       0       0       0       0       0       0
   442 ;;      Temps:          0       0       0       0       0       0       0       0       0       0       0       0       
      +0       0       0       0       0       0       0       0       0       0       0       0       0       0       0       
      +0       0       0       0       0       0       0
   443 ;;      Totals:         0       0       0       0       0       0       0       0       0       0       0       0       
      +0       0       0       0       0       0       0       0       0       0       0       0       0       0       0       
      +0       0       0       0       0       0       0
   444 ;;Total ram usage:        0 bytes
   445 ;; Hardware stack levels used:    1
   446 ;; This function calls:
   447 ;;		Nothing
   448 ;; This function is called by:
   449 ;;		_main
   450 ;; This function uses a non-reentrant model
   451 ;;
   452                           
   453                           	psect	text6
   454  01FF70                     __ptext6:
   455                           	callstack 0
   456  01FF70                     _ClockSetup:
   457                           	callstack 127
   458  01FF70  0012               	return		;funcret
   459  01FF72                     __end_of_ClockSetup:
   460                           	callstack 0
   461  0000                     
   462                           	psect	rparam
   463  0000                     
   464                           	psect	idloc
   465                           
   466                           ;Config register IDLOC0 @ 0x200000
   467                           ;	unspecified, using default values
   468  200000                     	org	2097152
   469  200000  0FFF               	dw	4095
   470                           
   471                           ;Config register IDLOC1 @ 0x200002
   472                           ;	unspecified, using default values
   473  200002                     	org	2097154
   474  200002  0FFF               	dw	4095
   475                           
   476                           ;Config register IDLOC2 @ 0x200004
   477                           ;	unspecified, using default values
   478  200004                     	org	2097156
   479  200004  0FFF               	dw	4095
   480                           
   481                           ;Config register IDLOC3 @ 0x200006
   482                           ;	unspecified, using default values
   483  200006                     	org	2097158
   484  200006  0FFF               	dw	4095
   485                           
   486                           ;Config register IDLOC4 @ 0x200008
   487                           ;	unspecified, using default values
   488  200008                     	org	2097160
   489  200008  0FFF               	dw	4095
   490                           
   491                           ;Config register IDLOC5 @ 0x20000A
   492                           ;	unspecified, using default values
   493  20000A                     	org	2097162
   494  20000A  0FFF               	dw	4095
   495                           
   496                           ;Config register IDLOC6 @ 0x20000C
   497                           ;	unspecified, using default values
   498  20000C                     	org	2097164
   499  20000C  0FFF               	dw	4095
   500                           
   501                           ;Config register IDLOC7 @ 0x20000E
   502                           ;	unspecified, using default values
   503  20000E                     	org	2097166
   504  20000E  0FFF               	dw	4095
   505                           
   506                           ;Config register IDLOC8 @ 0x200010
   507                           ;	unspecified, using default values
   508  200010                     	org	2097168
   509  200010  0FFF               	dw	4095
   510                           
   511                           ;Config register IDLOC9 @ 0x200012
   512                           ;	unspecified, using default values
   513  200012                     	org	2097170
   514  200012  0FFF               	dw	4095
   515                           
   516                           ;Config register IDLOC10 @ 0x200014
   517                           ;	unspecified, using default values
   518  200014                     	org	2097172
   519  200014  0FFF               	dw	4095
   520                           
   521                           ;Config register IDLOC11 @ 0x200016
   522                           ;	unspecified, using default values
   523  200016                     	org	2097174
   524  200016  0FFF               	dw	4095
   525                           
   526                           ;Config register IDLOC12 @ 0x200018
   527                           ;	unspecified, using default values
   528  200018                     	org	2097176
   529  200018  0FFF               	dw	4095
   530                           
   531                           ;Config register IDLOC13 @ 0x20001A
   532                           ;	unspecified, using default values
   533  20001A                     	org	2097178
   534  20001A  0FFF               	dw	4095
   535                           
   536                           ;Config register IDLOC14 @ 0x20001C
   537                           ;	unspecified, using default values
   538  20001C                     	org	2097180
   539  20001C  0FFF               	dw	4095
   540                           
   541                           ;Config register IDLOC15 @ 0x20001E
   542                           ;	unspecified, using default values
   543  20001E                     	org	2097182
   544  20001E  0FFF               	dw	4095
   545                           
   546                           	psect	config
   547                           
   548                           ;Config register CONFIG1 @ 0x300000
   549                           ;	External Oscillator Selection
   550                           ;	FEXTOSC = OFF, Oscillator not enabled
   551                           ;	Reset Oscillator Selection
   552                           ;	RSTOSC = HFINTOSC_64MHZ, HFINTOSC with HFFRQ = 64 MHz and CDIV = 1:1
   553  300000                     	org	3145728
   554  300000  8C                 	db	140
   555                           
   556                           ;Config register CONFIG2 @ 0x300001
   557                           ;	Clock out Enable bit
   558                           ;	CLKOUTEN = ON, CLKOUT function is enabled
   559                           ;	PRLOCKED One-Way Set Enable bit
   560                           ;	PR1WAY = ON, PRLOCKED bit can be cleared and set only once
   561                           ;	Clock Switch Enable bit
   562                           ;	CSWEN = ON, Writing to NOSC and NDIV is allowed
   563                           ;	Fail-Safe Clock Monitor Enable bit
   564                           ;	FCMEN = ON, Fail-Safe Clock Monitor enabled
   565  300001                     	org	3145729
   566  300001  FE                 	db	254
   567                           
   568                           ;Config register CONFIG3 @ 0x300002
   569                           ;	MCLR Enable bit
   570                           ;	MCLRE = EXTMCLR, If LVP = 0, MCLR pin is MCLR; If LVP = 1, RE3 pin function is MCLR
   571                           ;	Power-up timer selection bits
   572                           ;	PWRTS = PWRT_OFF, PWRT is disabled
   573                           ;	Multi-vector enable bit
   574                           ;	MVECEN = ON, Multi-vector enabled, Vector table used for interrupts
   575                           ;	IVTLOCK bit One-way set enable bit
   576                           ;	IVT1WAY = ON, IVTLOCKED bit can be cleared and set only once
   577                           ;	Low Power BOR Enable bit
   578                           ;	LPBOREN = OFF, Low-Power BOR disabled
   579                           ;	Brown-out Reset Enable bits
   580                           ;	BOREN = SBORDIS, Brown-out Reset enabled , SBOREN bit is ignored
   581  300002                     	org	3145730
   582  300002  FF                 	db	255
   583                           
   584                           ;Config register CONFIG4 @ 0x300003
   585                           ;	Brown-out Reset Voltage Selection bits
   586                           ;	BORV = VBOR_2P85, Brown-out Reset Voltage (VBOR) set to 2.8V
   587                           ;	ZCD Disable bit
   588                           ;	ZCD = OFF, ZCD module is disabled. ZCD can be enabled by setting the ZCDSEN bit of ZCD
      +                          CON
   589                           ;	PPSLOCK bit One-Way Set Enable bit
   590                           ;	PPS1WAY = ON, PPSLOCKED bit can be cleared and set only once; PPS registers remain loc
      +                          ked after one clear/set cycle
   591                           ;	Stack Full/Underflow Reset Enable bit
   592                           ;	STVREN = ON, Stack full/underflow will cause Reset
   593                           ;	Low Voltage Programming Enable bit
   594                           ;	LVP = ON, Low voltage programming enabled. MCLR/VPP pin function is MCLR. MCLRE config
      +                          uration bit is ignored
   595                           ;	Extended Instruction Set Enable bit
   596                           ;	XINST = OFF, Extended Instruction Set and Indexed Addressing Mode disabled
   597  300003                     	org	3145731
   598  300003  FC                 	db	252
   599                           
   600                           ;Config register CONFIG5 @ 0x300004
   601                           ;	WDT Period selection bits
   602                           ;	WDTCPS = WDTCPS_31, Divider ratio 1:65536; software control of WDTPS
   603                           ;	WDT operating mode
   604                           ;	WDTE = OFF, WDT Disabled; SWDTEN is ignored
   605  300004                     	org	3145732
   606  300004  9F                 	db	159
   607                           
   608                           ;Config register CONFIG6 @ 0x300005
   609                           ;	WDT Window Select bits
   610                           ;	WDTCWS = WDTCWS_7, window always open (100%); software control; keyed access not requi
      +                          red
   611                           ;	WDT input clock selector
   612                           ;	WDTCCS = SC, Software Control
   613  300005                     	org	3145733
   614  300005  FF                 	db	255
   615                           
   616                           ;Config register CONFIG7 @ 0x300006
   617                           ;	Boot Block Size selection bits
   618                           ;	BBSIZE = BBSIZE_512, Boot Block size is 512 words
   619                           ;	Boot Block enable bit
   620                           ;	BBEN = OFF, Boot block disabled
   621                           ;	Storage Area Flash enable bit
   622                           ;	SAFEN = OFF, SAF disabled
   623                           ;	Background Debugger
   624                           ;	DEBUG = OFF, Background Debugger disabled
   625  300006                     	org	3145734
   626  300006  FF                 	db	255
   627                           
   628                           ;Config register CONFIG8 @ 0x300007
   629                           ;	Boot Block Write Protection bit
   630                           ;	WRTB = OFF, Boot Block not Write protected
   631                           ;	Configuration Register Write Protection bit
   632                           ;	WRTC = OFF, Configuration registers not Write protected
   633                           ;	Data EEPROM Write Protection bit
   634                           ;	WRTD = OFF, Data EEPROM not Write protected
   635                           ;	SAF Write protection bit
   636                           ;	WRTSAF = OFF, SAF not Write Protected
   637                           ;	Application Block write protection bit
   638                           ;	WRTAPP = OFF, Application Block not write protected
   639  300007                     	org	3145735
   640  300007  FF                 	db	255
   641                           
   642                           ; Padding undefined space
   643  300008                     	org	3145736
   644  300008  FF                 	db	255
   645                           
   646                           ;Config register CONFIG10 @ 0x300009
   647                           ;	PFM and Data EEPROM Code Protection bit
   648                           ;	CP = OFF, PFM and Data EEPROM code protection disabled
   649  300009                     	org	3145737
   650  300009  FF                 	db	255
   651                           tosu	equ	0x4FF
   652                           tosh	equ	0x4FE
   653                           tosl	equ	0x4FD
   654                           stkptr	equ	0x4FC
   655                           pclatu	equ	0x4FB
   656                           pclath	equ	0x4FA
   657                           pcl	equ	0x4F9
   658                           tblptru	equ	0x4F8
   659                           tblptrh	equ	0x4F7
   660                           tblptrl	equ	0x4F6
   661                           tablat	equ	0x4F5
   662                           prodh	equ	0x4F4
   663                           prodl	equ	0x4F3
   664                           indf0	equ	0x4EF
   665                           postinc0	equ	0x4EE
   666                           postdec0	equ	0x4ED
   667                           preinc0	equ	0x4EC
   668                           plusw0	equ	0x4EB
   669                           fsr0h	equ	0x4EA
   670                           fsr0l	equ	0x4E9
   671                           wreg	equ	0x4E8
   672                           indf1	equ	0x4E7
   673                           postinc1	equ	0x4E6
   674                           postdec1	equ	0x4E5
   675                           preinc1	equ	0x4E4
   676                           plusw1	equ	0x4E3
   677                           fsr1h	equ	0x4E2
   678                           fsr1l	equ	0x4E1
   679                           bsr	equ	0x4E0
   680                           indf2	equ	0x4DF
   681                           postinc2	equ	0x4DE
   682                           postdec2	equ	0x4DD
   683                           preinc2	equ	0x4DC
   684                           plusw2	equ	0x4DB
   685                           fsr2h	equ	0x4DA
   686                           fsr2l	equ	0x4D9
   687                           status	equ	0x4D8

Data Sizes:
    Strings     0
    Constant    0
    Data        0
    BSS         13
    Persistent  0
    Stack       0

Auto Spaces:
    Space          Size  Autos    Used
    COMRAM           95      0      13
    BANK5           160      0       0
    BANK6           256      0       0
    BANK7           256      0       0
    BANK8           256      0       0
    BANK9           256      0       0
    BANK10          256      0       0
    BANK11          256      0       0
    BANK12          256      0       0
    BANK13          256      0       0
    BANK14          256      0       0
    BANK15          256      0       0
    BANK16          256      0       0
    BANK17          256      0       0
    BANK18          256      0       0
    BANK19          256      0       0
    BANK20          256      0       0
    BANK21          256      0       0
    BANK22          256      0       0
    BANK23          256      0       0
    BANK24          256      0       0
    BANK25          256      0       0
    BANK26          256      0       0
    BANK27          256      0       0
    BANK28          256      0       0
    BANK29          256      0       0
    BANK30          256      0       0
    BANK31          256      0       0
    BANK32          256      0       0
    BANK33          256      0       0
    BANK34          256      0       0
    BANK35          256      0       0
    BANK36          256      0       0
    BANK37          256      0       0

Pointer List with Targets:

    None.

Critical Paths under _main in COMRAM

    None.

Critical Paths under _main in BANK5

    None.

Critical Paths under _main in BANK6

    None.

Critical Paths under _main in BANK7

    None.

Critical Paths under _main in BANK8

    None.

Critical Paths under _main in BANK9

    None.

Critical Paths under _main in BANK10

    None.

Critical Paths under _main in BANK11

    None.

Critical Paths under _main in BANK12

    None.

Critical Paths under _main in BANK13

    None.

Critical Paths under _main in BANK14

    None.

Critical Paths under _main in BANK15

    None.

Critical Paths under _main in BANK16

    None.

Critical Paths under _main in BANK17

    None.

Critical Paths under _main in BANK18

    None.

Critical Paths under _main in BANK19

    None.

Critical Paths under _main in BANK20

    None.

Critical Paths under _main in BANK21

    None.

Critical Paths under _main in BANK22

    None.

Critical Paths under _main in BANK23

    None.

Critical Paths under _main in BANK24

    None.

Critical Paths under _main in BANK25

    None.

Critical Paths under _main in BANK26

    None.

Critical Paths under _main in BANK27

    None.

Critical Paths under _main in BANK28

    None.

Critical Paths under _main in BANK29

    None.

Critical Paths under _main in BANK30

    None.

Critical Paths under _main in BANK31

    None.

Critical Paths under _main in BANK32

    None.

Critical Paths under _main in BANK33

    None.

Critical Paths under _main in BANK34

    None.

Critical Paths under _main in BANK35

    None.

Critical Paths under _main in BANK36

    None.

Critical Paths under _main in BANK37

    None.

Call Graph Tables:

 ---------------------------------------------------------------------------------
 (Depth) Function   	        Calls       Base Space   Used Autos Params    Refs
 ---------------------------------------------------------------------------------
 (0) _main                                                 0     0      0       0
                         _ClockSetup
                          _GpioSetup
                       _SysTickSetup
                        _SystemSleep
                  _UserAppInitialize
                         _UserAppRun
 ---------------------------------------------------------------------------------
 (1) _UserAppRun                                           0     0      0       0
 ---------------------------------------------------------------------------------
 (1) _UserAppInitialize                                    0     0      0       0
 ---------------------------------------------------------------------------------
 (1) _SystemSleep                                          0     0      0       0
 ---------------------------------------------------------------------------------
 (1) _SysTickSetup                                         0     0      0       0
 ---------------------------------------------------------------------------------
 (1) _GpioSetup                                            0     0      0       0
 ---------------------------------------------------------------------------------
 (1) _ClockSetup                                           0     0      0       0
 ---------------------------------------------------------------------------------
 Estimated maximum stack depth 1
 ---------------------------------------------------------------------------------

 Call Graph Graphs:

 _main (ROOT)
   _ClockSetup
   _GpioSetup
   _SysTickSetup
   _SystemSleep
   _UserAppInitialize
   _UserAppRun

 Address spaces:
Name               Size   Autos  Total    Cost      Usage
BIGRAM            20FF      0       0      71        0.0%
EEDATA             400      0       0       0        0.0%
BITBANK37          100      0       0      70        0.0%
BANK37             100      0       0      68        0.0%
BITBANK36          100      0       0      66        0.0%
BANK36             100      0       0      67        0.0%
BITBANK35          100      0       0      64        0.0%
BANK35             100      0       0      65        0.0%
BITBANK34          100      0       0      62        0.0%
BANK34             100      0       0      63        0.0%
BITBANK33          100      0       0      60        0.0%
BANK33             100      0       0      61        0.0%
BITBANK32          100      0       0      58        0.0%
BANK32             100      0       0      59        0.0%
BITBANK31          100      0       0      56        0.0%
BANK31             100      0       0      57        0.0%
BITBANK30          100      0       0      54        0.0%
BANK30             100      0       0      55        0.0%
BITBANK29          100      0       0      52        0.0%
BANK29             100      0       0      53        0.0%
BITBANK28          100      0       0      50        0.0%
BANK28             100      0       0      51        0.0%
BITBANK27          100      0       0      48        0.0%
BANK27             100      0       0      49        0.0%
BITBANK26          100      0       0      46        0.0%
BANK26             100      0       0      47        0.0%
BITBANK25          100      0       0      44        0.0%
BANK25             100      0       0      45        0.0%
BITBANK24          100      0       0      42        0.0%
BANK24             100      0       0      43        0.0%
BITBANK23          100      0       0      40        0.0%
BANK23             100      0       0      41        0.0%
BITBANK22          100      0       0      38        0.0%
BANK22             100      0       0      39        0.0%
BITBANK21          100      0       0      36        0.0%
BANK21             100      0       0      37        0.0%
BITBANK20          100      0       0      34        0.0%
BANK20             100      0       0      35        0.0%
BITBANK19          100      0       0      32        0.0%
BANK19             100      0       0      33        0.0%
BITBANK18          100      0       0      30        0.0%
BANK18             100      0       0      31        0.0%
BITBANK17          100      0       0      28        0.0%
BANK17             100      0       0      29        0.0%
BITBANK16          100      0       0      26        0.0%
BANK16             100      0       0      27        0.0%
BITBANK15          100      0       0      24        0.0%
BANK15             100      0       0      25        0.0%
BITBANK14          100      0       0      22        0.0%
BANK14             100      0       0      23        0.0%
BITBANK13          100      0       0      20        0.0%
BANK13             100      0       0      21        0.0%
BITBANK12          100      0       0      18        0.0%
BANK12             100      0       0      19        0.0%
BITBANK11          100      0       0      16        0.0%
BANK11             100      0       0      17        0.0%
BITBANK10          100      0       0      14        0.0%
BANK10             100      0       0      15        0.0%
BITBANK9           100      0       0      12        0.0%
BANK9              100      0       0      13        0.0%
BITBANK8           100      0       0      10        0.0%
BANK8              100      0       0      11        0.0%
BITBANK7           100      0       0       8        0.0%
BANK7              100      0       0       9        0.0%
BITBANK6           100      0       0       6        0.0%
BANK6              100      0       0       7        0.0%
BITBANK5            A0      0       0       4        0.0%
BANK5               A0      0       0       5        0.0%
BITCOMRAM           5F      0       0       0        0.0%
COMRAM              5F      0       D       1       13.7%
BITSFR_5             0      0       0     200        0.0%
SFR_5                0      0       0     200        0.0%
BITSFR_4             0      0       0     200        0.0%
SFR_4                0      0       0     200        0.0%
BITSFR_3             0      0       0     200        0.0%
SFR_3                0      0       0     200        0.0%
BITSFR_2             0      0       0     200        0.0%
SFR_2                0      0       0     200        0.0%
BITSFR_1             0      0       0     200        0.0%
SFR_1                0      0       0     200        0.0%
BITSFR               0      0       0     200        0.0%
SFR                  0      0       0     200        0.0%
STACK                0      0       0       2        0.0%
NULL                 0      0       0       0        0.0%
ABS                  0      0       D      69        0.0%
DATA                 0      0       D       3        0.0%
CODE                 0      0       0       0        0.0%


Microchip Technology PIC18 Macro Assembler V2.31 build 20201012212115 
Symbol Table                                                                                   Fri Feb 19 09:54:51 2021

     __size_of_SysTickSetup 0022                           l9 FF74                          l13 FFB6  
                        l62 FFD8                          l56 FF70                          l65 FF72  
                        l59 FF9E                          u10 FFB4                          u11 FFB0  
                       l741 FFA0                         l743 FFB4                         l751 FFDC  
                       l745 FFB8                         l761 FFF0                         l753 FFE0  
                       l747 FF88                         l755 FFE4                         l757 FFE8  
                       l749 FFDA                         l759 FFEC                         wreg 0004E8  
                      _LATA 0004BE                        _main FFDA                _SysTickSetup FFB8  
                      start FFFC        __size_of_SystemSleep 0002                ___param_bank 000000  
                _ClockSetup FF70                       ?_main 0000                       _PORTA 0004CE  
                     _PORTB 0004CF                       _TRISA 0004C6                       _TRISB 0004C7  
                     status 0004D8             __initialization FF76                __end_of_main FFFC  
                    ??_main 0000               __activetblptr 000000                      _ANSELA 000400  
        __size_of_GpioSetup 0018                 ?_ClockSetup 0000                      clear_0 FF7C  
                _UserAppRun FFA0                  __accesstop 0560     __end_of__initialization FF82  
             ___rparam_used 000001            _G_u8UserAppFlags 050D              __pcstackCOMRAM 0000  
         __end_of_GpioSetup FFA0         __size_of_ClockSetup 0002                 ?_UserAppRun 0000  
             ??_SystemSleep 0000                     __Hparam 0000                     __Lparam 0000  
                   __pcinit FF76                     __ramtop 2600                     __ptext0 FFDA  
                   __ptext1 FFA0                     __ptext2 FF74                     __ptext3 FF72  
                   __ptext4 FFB8                     __ptext5 FF88                     __ptext6 FF70  
      end_of_initialization FF82            _G_u32SystemFlags 0501                     postinc0 0004EE  
       __end_of_SystemSleep FF74                ??_ClockSetup 0000         __size_of_UserAppRun 0018  
        __end_of_ClockSetup FF72                   _GpioSetup FF88         start_initialization FF76  
             ?_SysTickSetup 0000                 _SystemSleep FF72                  ?_GpioSetup 0000  
               __pbssCOMRAM 0501           _UserAppInitialize FF74                ??_UserAppRun 0000  
        ?_UserAppInitialize 0000              ??_SysTickSetup 0000         ??_UserAppInitialize 0000  
        __end_of_UserAppRun FFB8   __end_of_UserAppInitialize FF76                 ??_GpioSetup 0000  
                  __Hrparam 0000                    __Lrparam 0000        __end_of_SysTickSetup FFDA  
__size_of_UserAppInitialize 0002               __size_of_main 0022                ?_SystemSleep 0000  
        _G_u32SystemTime1ms 0509           _G_u32SystemTime1s 0505  
